The system is: Linux - 4.9.201-tegra - aarch64
Compiling the CXX compiler identification source file "CMakeCXXCompilerId.cpp" succeeded.
Compiler: /usr/bin/clang++ 
Build flags: 
Id flags:  

The output was:
0


Compilation of the CXX compiler identification source "CMakeCXXCompilerId.cpp" produced "a.out"

The CXX compiler identification is Clang, found in "/home/ubuntu/github/cutlass/build/CMakeFiles/3.20.2/CompilerIdCXX/a.out"

Checking whether the CUDA compiler is NVIDIA using "" matched "nvcc: NVIDIA \(R\) Cuda compiler driver":
nvcc: NVIDIA (R) Cuda compiler driver
Copyright (c) 2005-2019 NVIDIA Corporation
Built on Wed_Oct_23_21:14:42_PDT_2019
Cuda compilation tools, release 10.2, V10.2.89
Compiling the CUDA compiler identification source file "CMakeCUDACompilerId.cu" succeeded.
Compiler: /usr/local/cuda-10.2/bin/nvcc 
Build flags: -O0
Id flags: --keep;--keep-dir;tmp -v

The output was:
0
#$ _NVVM_BRANCH_=nvvm
#$ _SPACE_= 
#$ _CUDART_=cudart
#$ _HERE_=/usr/local/cuda-10.2/bin
#$ _THERE_=/usr/local/cuda-10.2/bin
#$ _TARGET_SIZE_=
#$ _TARGET_DIR_=
#$ _TARGET_DIR_=targets/aarch64-linux
#$ TOP=/usr/local/cuda-10.2/bin/..
#$ NVVMIR_LIBRARY_DIR=/usr/local/cuda-10.2/bin/../nvvm/libdevice
#$ LD_LIBRARY_PATH=/usr/local/cuda-10.2/bin/../lib:/usr/local/cuda-10.2/lib64
#$ PATH=/usr/local/cuda-10.2/bin/../nvvm/bin:/usr/local/cuda-10.2/bin:/usr/local/cuda-10.2/bin:/usr/local/sbin:/usr/local/bin:/usr/sbin:/usr/bin:/sbin:/bin:/usr/games:/usr/local/games:/snap/bin
#$ INCLUDES="-I/usr/local/cuda-10.2/bin/../targets/aarch64-linux/include"  
#$ LIBRARIES=  "-L/usr/local/cuda-10.2/bin/../targets/aarch64-linux/lib/stubs" "-L/usr/local/cuda-10.2/bin/../targets/aarch64-linux/lib"
#$ CUDAFE_FLAGS=
#$ PTXAS_FLAGS=
#$ rm tmp/a_dlink.reg.c
#$ gcc -D__CUDA_ARCH__=300 -E -x c++  -DCUDA_DOUBLE_MATH_FUNCTIONS -D__CUDACC__ -D__NVCC__  "-I/usr/local/cuda-10.2/bin/../targets/aarch64-linux/include"    -D__CUDACC_VER_MAJOR__=10 -D__CUDACC_VER_MINOR__=2 -D__CUDACC_VER_BUILD__=89 -include "cuda_runtime.h" "CMakeCUDACompilerId.cu" -o "tmp/CMakeCUDACompilerId.cpp1.ii" 
#$ cicc --c++14 --gnu_version=70500 --allow_managed --unsigned_chars   -arch compute_30 -m64 -ftz=0 -prec_div=1 -prec_sqrt=1 -fmad=1 --include_file_name "CMakeCUDACompilerId.fatbin.c" -tused -nvvmir-library "/usr/local/cuda-10.2/bin/../nvvm/libdevice/libdevice.10.bc" --gen_module_id_file --module_id_file_name "tmp/CMakeCUDACompilerId.module_id" --orig_src_file_name "CMakeCUDACompilerId.cu" --gen_c_file_name "tmp/CMakeCUDACompilerId.cudafe1.c" --stub_file_name "tmp/CMakeCUDACompilerId.cudafe1.stub.c" --gen_device_file_name "tmp/CMakeCUDACompilerId.cudafe1.gpu"  "tmp/CMakeCUDACompilerId.cpp1.ii" -o "tmp/CMakeCUDACompilerId.ptx"
#$ ptxas -arch=sm_30 -m64  "tmp/CMakeCUDACompilerId.ptx"  -o "tmp/CMakeCUDACompilerId.sm_30.cubin" 
#$ fatbinary --create="tmp/CMakeCUDACompilerId.fatbin" -64 --cicc-cmdline="-ftz=0 -prec_div=1 -prec_sqrt=1 -fmad=1 " -no-asm "--image3=kind=elf,sm=30,file=tmp/CMakeCUDACompilerId.sm_30.cubin" "--image3=kind=ptx,sm=30,file=tmp/CMakeCUDACompilerId.ptx" --embedded-fatbin="tmp/CMakeCUDACompilerId.fatbin.c" 
#$ gcc -E -x c++ -D__CUDACC__ -D__NVCC__  "-I/usr/local/cuda-10.2/bin/../targets/aarch64-linux/include"    -D__CUDACC_VER_MAJOR__=10 -D__CUDACC_VER_MINOR__=2 -D__CUDACC_VER_BUILD__=89 -include "cuda_runtime.h" "CMakeCUDACompilerId.cu" -o "tmp/CMakeCUDACompilerId.cpp4.ii" 
#$ cudafe++ --c++14 --gnu_version=70500 --allow_managed --unsigned_chars  --m64 --parse_templates --gen_c_file_name "tmp/CMakeCUDACompilerId.cudafe1.cpp" --stub_file_name "CMakeCUDACompilerId.cudafe1.stub.c" --module_id_file_name "tmp/CMakeCUDACompilerId.module_id" "tmp/CMakeCUDACompilerId.cpp4.ii" 
#$ gcc -D__CUDA_ARCH__=300 -c -x c++  -DCUDA_DOUBLE_MATH_FUNCTIONS "-I/usr/local/cuda-10.2/bin/../targets/aarch64-linux/include"   "tmp/CMakeCUDACompilerId.cudafe1.cpp" -o "tmp/CMakeCUDACompilerId.o" 
#$ nvlink --arch=sm_30 --register-link-binaries="tmp/a_dlink.reg.c"  -m64   "-L/usr/local/cuda-10.2/bin/../targets/aarch64-linux/lib/stubs" "-L/usr/local/cuda-10.2/bin/../targets/aarch64-linux/lib" -cpu-arch=AARCH64 "tmp/CMakeCUDACompilerId.o"  -o "tmp/a_dlink.sm_30.cubin"
#$ fatbinary --create="tmp/a_dlink.fatbin" -64 --cicc-cmdline="-ftz=0 -prec_div=1 -prec_sqrt=1 -fmad=1 " -no-asm -link "--image3=kind=elf,sm=30,file=tmp/a_dlink.sm_30.cubin" --embedded-fatbin="tmp/a_dlink.fatbin.c" 
#$ gcc -c -x c++ -DFATBINFILE="\"tmp/a_dlink.fatbin.c\"" -DREGISTERLINKBINARYFILE="\"tmp/a_dlink.reg.c\"" -I. -D__NV_EXTRA_INITIALIZATION= -D__NV_EXTRA_FINALIZATION= -D__CUDA_INCLUDE_COMPILER_INTERNAL_HEADERS__  "-I/usr/local/cuda-10.2/bin/../targets/aarch64-linux/include"    -D__CUDACC_VER_MAJOR__=10 -D__CUDACC_VER_MINOR__=2 -D__CUDACC_VER_BUILD__=89 "/usr/local/cuda-10.2/bin/crt/link.stub" -o "tmp/a_dlink.o" 
#$ g++ -Wl,--start-group "tmp/a_dlink.o" "tmp/CMakeCUDACompilerId.o"   "-L/usr/local/cuda-10.2/bin/../targets/aarch64-linux/lib/stubs" "-L/usr/local/cuda-10.2/bin/../targets/aarch64-linux/lib"  -lcudadevrt  -lcudart_static  -lrt -lpthread  -ldl  -Wl,--end-group -o "a.out" 


Compilation of the CUDA compiler identification source "CMakeCUDACompilerId.cu" produced "a.out"

The CUDA compiler identification is NVIDIA, found in "/home/ubuntu/github/cutlass/build/CMakeFiles/3.20.2/CompilerIdCUDA/a.out"

Parsed CUDA nvcc implicit link information from above output:
  found 'PATH=' string: [/usr/local/cuda-10.2/bin/../nvvm/bin:/usr/local/cuda-10.2/bin:/usr/local/cuda-10.2/bin:/usr/local/sbin:/usr/local/bin:/usr/sbin:/usr/bin:/sbin:/bin:/usr/games:/usr/local/games:/snap/bin]
  found 'LIBRARIES=' string: ["-L/usr/local/cuda-10.2/bin/../targets/aarch64-linux/lib/stubs" "-L/usr/local/cuda-10.2/bin/../targets/aarch64-linux/lib"]
  considering line: [#$ rm tmp/a_dlink.reg.c]
  considering line: [gcc -D__CUDA_ARCH__=300 -E -x c++  -DCUDA_DOUBLE_MATH_FUNCTIONS -D__CUDACC__ -D__NVCC__  "-I/usr/local/cuda-10.2/bin/../targets/aarch64-linux/include"    -D__CUDACC_VER_MAJOR__=10 -D__CUDACC_VER_MINOR__=2 -D__CUDACC_VER_BUILD__=89 -include "cuda_runtime.h" "CMakeCUDACompilerId.cu" -o "tmp/CMakeCUDACompilerId.cpp1.ii" ]
  considering line: [cicc --c++14 --gnu_version=70500 --allow_managed --unsigned_chars   -arch compute_30 -m64 -ftz=0 -prec_div=1 -prec_sqrt=1 -fmad=1 --include_file_name "CMakeCUDACompilerId.fatbin.c" -tused -nvvmir-library "/usr/local/cuda-10.2/bin/../nvvm/libdevice/libdevice.10.bc" --gen_module_id_file --module_id_file_name "tmp/CMakeCUDACompilerId.module_id" --orig_src_file_name "CMakeCUDACompilerId.cu" --gen_c_file_name "tmp/CMakeCUDACompilerId.cudafe1.c" --stub_file_name "tmp/CMakeCUDACompilerId.cudafe1.stub.c" --gen_device_file_name "tmp/CMakeCUDACompilerId.cudafe1.gpu"  "tmp/CMakeCUDACompilerId.cpp1.ii" -o "tmp/CMakeCUDACompilerId.ptx"]
  considering line: [ptxas -arch=sm_30 -m64  "tmp/CMakeCUDACompilerId.ptx"  -o "tmp/CMakeCUDACompilerId.sm_30.cubin" ]
  considering line: [fatbinary --create="tmp/CMakeCUDACompilerId.fatbin" -64 --cicc-cmdline="-ftz=0 -prec_div=1 -prec_sqrt=1 -fmad=1 " -no-asm "--image3=kind=elf,sm=30,file=tmp/CMakeCUDACompilerId.sm_30.cubin" "--image3=kind=ptx,sm=30,file=tmp/CMakeCUDACompilerId.ptx" --embedded-fatbin="tmp/CMakeCUDACompilerId.fatbin.c" ]
  considering line: [gcc -E -x c++ -D__CUDACC__ -D__NVCC__  "-I/usr/local/cuda-10.2/bin/../targets/aarch64-linux/include"    -D__CUDACC_VER_MAJOR__=10 -D__CUDACC_VER_MINOR__=2 -D__CUDACC_VER_BUILD__=89 -include "cuda_runtime.h" "CMakeCUDACompilerId.cu" -o "tmp/CMakeCUDACompilerId.cpp4.ii" ]
  considering line: [cudafe++ --c++14 --gnu_version=70500 --allow_managed --unsigned_chars  --m64 --parse_templates --gen_c_file_name "tmp/CMakeCUDACompilerId.cudafe1.cpp" --stub_file_name "CMakeCUDACompilerId.cudafe1.stub.c" --module_id_file_name "tmp/CMakeCUDACompilerId.module_id" "tmp/CMakeCUDACompilerId.cpp4.ii" ]
  considering line: [gcc -D__CUDA_ARCH__=300 -c -x c++  -DCUDA_DOUBLE_MATH_FUNCTIONS "-I/usr/local/cuda-10.2/bin/../targets/aarch64-linux/include"   "tmp/CMakeCUDACompilerId.cudafe1.cpp" -o "tmp/CMakeCUDACompilerId.o" ]
  considering line: [nvlink --arch=sm_30 --register-link-binaries="tmp/a_dlink.reg.c"  -m64   "-L/usr/local/cuda-10.2/bin/../targets/aarch64-linux/lib/stubs" "-L/usr/local/cuda-10.2/bin/../targets/aarch64-linux/lib" -cpu-arch=AARCH64 "tmp/CMakeCUDACompilerId.o"  -o "tmp/a_dlink.sm_30.cubin"]
    ignoring nvlink line
  considering line: [fatbinary --create="tmp/a_dlink.fatbin" -64 --cicc-cmdline="-ftz=0 -prec_div=1 -prec_sqrt=1 -fmad=1 " -no-asm -link "--image3=kind=elf,sm=30,file=tmp/a_dlink.sm_30.cubin" --embedded-fatbin="tmp/a_dlink.fatbin.c" ]
  considering line: [gcc -c -x c++ -DFATBINFILE="\"tmp/a_dlink.fatbin.c\"" -DREGISTERLINKBINARYFILE="\"tmp/a_dlink.reg.c\"" -I. -D__NV_EXTRA_INITIALIZATION= -D__NV_EXTRA_FINALIZATION= -D__CUDA_INCLUDE_COMPILER_INTERNAL_HEADERS__  "-I/usr/local/cuda-10.2/bin/../targets/aarch64-linux/include"    -D__CUDACC_VER_MAJOR__=10 -D__CUDACC_VER_MINOR__=2 -D__CUDACC_VER_BUILD__=89 "/usr/local/cuda-10.2/bin/crt/link.stub" -o "tmp/a_dlink.o" ]
  considering line: [g++ -Wl,--start-group "tmp/a_dlink.o" "tmp/CMakeCUDACompilerId.o"   "-L/usr/local/cuda-10.2/bin/../targets/aarch64-linux/lib/stubs" "-L/usr/local/cuda-10.2/bin/../targets/aarch64-linux/lib"  -lcudadevrt  -lcudart_static  -lrt -lpthread  -ldl  -Wl,--end-group -o "a.out" ]
    extracted link line: [g++ -Wl,--start-group "tmp/a_dlink.o" "tmp/CMakeCUDACompilerId.o"   "-L/usr/local/cuda-10.2/bin/../targets/aarch64-linux/lib/stubs" "-L/usr/local/cuda-10.2/bin/../targets/aarch64-linux/lib"  -lcudadevrt  -lcudart_static  -lrt -lpthread  -ldl  -Wl,--end-group -o "a.out" ]
  considering line: []
  extracted link launcher name: [g++]
  found link launcher absolute path: [/usr/bin/g++]

  link line regex: [^( *|.*[/\])(ld|CMAKE_LINK_STARTFILE-NOTFOUND|([^/\]+-)?ld|collect2)[^/\]*( |$)]
  link line: [cuda-fake-ld g++ -Wl,--start-group "tmp/a_dlink.o" "tmp/CMakeCUDACompilerId.o"   "-L/usr/local/cuda-10.2/bin/../targets/aarch64-linux/lib/stubs" "-L/usr/local/cuda-10.2/bin/../targets/aarch64-linux/lib"  -lcudadevrt  -lcudart_static  -lrt -lpthread  -ldl  -Wl,--end-group -o "a.out" ]
    arg [cuda-fake-ld] ==> ignore
    arg [g++] ==> ignore
    arg [-Wl,--start-group] ==> ignore
    arg [tmp/a_dlink.o] ==> ignore
    arg [tmp/CMakeCUDACompilerId.o] ==> ignore
    arg [-L/usr/local/cuda-10.2/bin/../targets/aarch64-linux/lib/stubs] ==> dir [/usr/local/cuda-10.2/bin/../targets/aarch64-linux/lib/stubs]
    arg [-L/usr/local/cuda-10.2/bin/../targets/aarch64-linux/lib] ==> dir [/usr/local/cuda-10.2/bin/../targets/aarch64-linux/lib]
    arg [-lcudadevrt] ==> lib [cudadevrt]
    arg [-lcudart_static] ==> lib [cudart_static]
    arg [-lrt] ==> lib [rt]
    arg [-lpthread] ==> lib [pthread]
    arg [-ldl] ==> lib [dl]
    arg [-Wl,--end-group] ==> ignore
    arg [-o] ==> ignore
    arg [a.out] ==> ignore
  collapse library dir [/usr/local/cuda-10.2/bin/../targets/aarch64-linux/lib/stubs] ==> [/usr/local/cuda-10.2/targets/aarch64-linux/lib/stubs]
  collapse library dir [/usr/local/cuda-10.2/bin/../targets/aarch64-linux/lib] ==> [/usr/local/cuda-10.2/targets/aarch64-linux/lib]
  implicit libs: [cudadevrt;cudart_static;rt;pthread;dl]
  implicit objs: []
  implicit dirs: [/usr/local/cuda-10.2/targets/aarch64-linux/lib/stubs;/usr/local/cuda-10.2/targets/aarch64-linux/lib]
  implicit fwks: []


Parsed CUDA nvcc include information from above output:
  found 'PATH=' string: [/usr/local/cuda-10.2/bin/../nvvm/bin:/usr/local/cuda-10.2/bin:/usr/local/cuda-10.2/bin:/usr/local/sbin:/usr/local/bin:/usr/sbin:/usr/bin:/sbin:/bin:/usr/games:/usr/local/games:/snap/bin]
  found 'LIBRARIES=' string: ["-L/usr/local/cuda-10.2/bin/../targets/aarch64-linux/lib/stubs" "-L/usr/local/cuda-10.2/bin/../targets/aarch64-linux/lib"]
  considering line: [#$ rm tmp/a_dlink.reg.c]
  considering line: [gcc -D__CUDA_ARCH__=300 -E -x c++  -DCUDA_DOUBLE_MATH_FUNCTIONS -D__CUDACC__ -D__NVCC__  "-I/usr/local/cuda-10.2/bin/../targets/aarch64-linux/include"    -D__CUDACC_VER_MAJOR__=10 -D__CUDACC_VER_MINOR__=2 -D__CUDACC_VER_BUILD__=89 -include "cuda_runtime.h" "CMakeCUDACompilerId.cu" -o "tmp/CMakeCUDACompilerId.cpp1.ii" ]
  considering line: [cicc --c++14 --gnu_version=70500 --allow_managed --unsigned_chars   -arch compute_30 -m64 -ftz=0 -prec_div=1 -prec_sqrt=1 -fmad=1 --include_file_name "CMakeCUDACompilerId.fatbin.c" -tused -nvvmir-library "/usr/local/cuda-10.2/bin/../nvvm/libdevice/libdevice.10.bc" --gen_module_id_file --module_id_file_name "tmp/CMakeCUDACompilerId.module_id" --orig_src_file_name "CMakeCUDACompilerId.cu" --gen_c_file_name "tmp/CMakeCUDACompilerId.cudafe1.c" --stub_file_name "tmp/CMakeCUDACompilerId.cudafe1.stub.c" --gen_device_file_name "tmp/CMakeCUDACompilerId.cudafe1.gpu"  "tmp/CMakeCUDACompilerId.cpp1.ii" -o "tmp/CMakeCUDACompilerId.ptx"]
  considering line: [ptxas -arch=sm_30 -m64  "tmp/CMakeCUDACompilerId.ptx"  -o "tmp/CMakeCUDACompilerId.sm_30.cubin" ]
  considering line: [fatbinary --create="tmp/CMakeCUDACompilerId.fatbin" -64 --cicc-cmdline="-ftz=0 -prec_div=1 -prec_sqrt=1 -fmad=1 " -no-asm "--image3=kind=elf,sm=30,file=tmp/CMakeCUDACompilerId.sm_30.cubin" "--image3=kind=ptx,sm=30,file=tmp/CMakeCUDACompilerId.ptx" --embedded-fatbin="tmp/CMakeCUDACompilerId.fatbin.c" ]
  considering line: [gcc -E -x c++ -D__CUDACC__ -D__NVCC__  "-I/usr/local/cuda-10.2/bin/../targets/aarch64-linux/include"    -D__CUDACC_VER_MAJOR__=10 -D__CUDACC_VER_MINOR__=2 -D__CUDACC_VER_BUILD__=89 -include "cuda_runtime.h" "CMakeCUDACompilerId.cu" -o "tmp/CMakeCUDACompilerId.cpp4.ii" ]
  considering line: [cudafe++ --c++14 --gnu_version=70500 --allow_managed --unsigned_chars  --m64 --parse_templates --gen_c_file_name "tmp/CMakeCUDACompilerId.cudafe1.cpp" --stub_file_name "CMakeCUDACompilerId.cudafe1.stub.c" --module_id_file_name "tmp/CMakeCUDACompilerId.module_id" "tmp/CMakeCUDACompilerId.cpp4.ii" ]
  considering line: [gcc -D__CUDA_ARCH__=300 -c -x c++  -DCUDA_DOUBLE_MATH_FUNCTIONS "-I/usr/local/cuda-10.2/bin/../targets/aarch64-linux/include"   "tmp/CMakeCUDACompilerId.cudafe1.cpp" -o "tmp/CMakeCUDACompilerId.o" ]
  considering line: [nvlink --arch=sm_30 --register-link-binaries="tmp/a_dlink.reg.c"  -m64   "-L/usr/local/cuda-10.2/bin/../targets/aarch64-linux/lib/stubs" "-L/usr/local/cuda-10.2/bin/../targets/aarch64-linux/lib" -cpu-arch=AARCH64 "tmp/CMakeCUDACompilerId.o"  -o "tmp/a_dlink.sm_30.cubin"]
    ignoring nvlink line
  considering line: [fatbinary --create="tmp/a_dlink.fatbin" -64 --cicc-cmdline="-ftz=0 -prec_div=1 -prec_sqrt=1 -fmad=1 " -no-asm -link "--image3=kind=elf,sm=30,file=tmp/a_dlink.sm_30.cubin" --embedded-fatbin="tmp/a_dlink.fatbin.c" ]
  considering line: [gcc -c -x c++ -DFATBINFILE="\"tmp/a_dlink.fatbin.c\"" -DREGISTERLINKBINARYFILE="\"tmp/a_dlink.reg.c\"" -I. -D__NV_EXTRA_INITIALIZATION= -D__NV_EXTRA_FINALIZATION= -D__CUDA_INCLUDE_COMPILER_INTERNAL_HEADERS__  "-I/usr/local/cuda-10.2/bin/../targets/aarch64-linux/include"    -D__CUDACC_VER_MAJOR__=10 -D__CUDACC_VER_MINOR__=2 -D__CUDACC_VER_BUILD__=89 "/usr/local/cuda-10.2/bin/crt/link.stub" -o "tmp/a_dlink.o" ]
  considering line: [g++ -Wl,--start-group "tmp/a_dlink.o" "tmp/CMakeCUDACompilerId.o"   "-L/usr/local/cuda-10.2/bin/../targets/aarch64-linux/lib/stubs" "-L/usr/local/cuda-10.2/bin/../targets/aarch64-linux/lib"  -lcudadevrt  -lcudart_static  -lrt -lpthread  -ldl  -Wl,--end-group -o "a.out" ]
    extracted link line: [g++ -Wl,--start-group "tmp/a_dlink.o" "tmp/CMakeCUDACompilerId.o"   "-L/usr/local/cuda-10.2/bin/../targets/aarch64-linux/lib/stubs" "-L/usr/local/cuda-10.2/bin/../targets/aarch64-linux/lib"  -lcudadevrt  -lcudart_static  -lrt -lpthread  -ldl  -Wl,--end-group -o "a.out" ]
  considering line: []
  extracted link launcher name: [g++]
  found link launcher absolute path: [/usr/bin/g++]
  found 'INCLUDES=' string: ["-I/usr/local/cuda-10.2/bin/../targets/aarch64-linux/include"  ]

  link line regex: [^( *|.*[/\])(ld|CMAKE_LINK_STARTFILE-NOTFOUND|([^/\]+-)?ld|collect2)[^/\]*( |$)]
  link line: [cuda-fake-ld g++ -Wl,--start-group "tmp/a_dlink.o" "tmp/CMakeCUDACompilerId.o"   "-L/usr/local/cuda-10.2/bin/../targets/aarch64-linux/lib/stubs" "-L/usr/local/cuda-10.2/bin/../targets/aarch64-linux/lib"  -lcudadevrt  -lcudart_static  -lrt -lpthread  -ldl  -Wl,--end-group -o "a.out" ]
    arg [cuda-fake-ld] ==> ignore
    arg [g++] ==> ignore
    arg [-Wl,--start-group] ==> ignore
    arg [tmp/a_dlink.o] ==> ignore
    arg [tmp/CMakeCUDACompilerId.o] ==> ignore
    arg [-L/usr/local/cuda-10.2/bin/../targets/aarch64-linux/lib/stubs] ==> dir [/usr/local/cuda-10.2/bin/../targets/aarch64-linux/lib/stubs]
    arg [-L/usr/local/cuda-10.2/bin/../targets/aarch64-linux/lib] ==> dir [/usr/local/cuda-10.2/bin/../targets/aarch64-linux/lib]
    arg [-lcudadevrt] ==> lib [cudadevrt]
    arg [-lcudart_static] ==> lib [cudart_static]
    arg [-lrt] ==> lib [rt]
    arg [-lpthread] ==> lib [pthread]
    arg [-ldl] ==> lib [dl]
    arg [-Wl,--end-group] ==> ignore
    arg [-o] ==> ignore
    arg [a.out] ==> ignore
  collapse library dir [/usr/local/cuda-10.2/bin/../targets/aarch64-linux/lib/stubs] ==> [/usr/local/cuda-10.2/targets/aarch64-linux/lib/stubs]
  collapse library dir [/usr/local/cuda-10.2/bin/../targets/aarch64-linux/lib] ==> [/usr/local/cuda-10.2/targets/aarch64-linux/lib]
  implicit libs: [cudadevrt;cudart_static;rt;pthread;dl]
  implicit objs: []
  implicit dirs: [/usr/local/cuda-10.2/targets/aarch64-linux/lib/stubs;/usr/local/cuda-10.2/targets/aarch64-linux/lib]
  implicit fwks: []


Detecting CXX compiler ABI info compiled with the following output:
Change Dir: /home/ubuntu/github/cutlass/build/CMakeFiles/CMakeTmp

Run Build Command(s):/usr/bin/make -f Makefile cmTC_da322/fast && /usr/bin/make  -f CMakeFiles/cmTC_da322.dir/build.make CMakeFiles/cmTC_da322.dir/build
make[1]: Entering directory '/home/ubuntu/github/cutlass/build/CMakeFiles/CMakeTmp'
Building CXX object CMakeFiles/cmTC_da322.dir/CMakeCXXCompilerABI.cpp.o
/usr/bin/clang++   -v -MD -MT CMakeFiles/cmTC_da322.dir/CMakeCXXCompilerABI.cpp.o -MF CMakeFiles/cmTC_da322.dir/CMakeCXXCompilerABI.cpp.o.d -o CMakeFiles/cmTC_da322.dir/CMakeCXXCompilerABI.cpp.o -c /usr/local/share/cmake-3.20/Modules/CMakeCXXCompilerABI.cpp
clang version 10.0.0-4ubuntu1~18.04.2 
Target: aarch64-unknown-linux-gnu
Thread model: posix
InstalledDir: /usr/bin
Found candidate GCC installation: /usr/bin/../lib/gcc/aarch64-linux-gnu/7
Found candidate GCC installation: /usr/bin/../lib/gcc/aarch64-linux-gnu/7.5.0
Found candidate GCC installation: /usr/bin/../lib/gcc/aarch64-linux-gnu/8
Found candidate GCC installation: /usr/lib/gcc/aarch64-linux-gnu/7
Found candidate GCC installation: /usr/lib/gcc/aarch64-linux-gnu/7.5.0
Found candidate GCC installation: /usr/lib/gcc/aarch64-linux-gnu/8
Selected GCC installation: /usr/bin/../lib/gcc/aarch64-linux-gnu/7.5.0
Candidate multilib: .;@m64
Selected multilib: .;@m64
Found CUDA installation: /usr/local/cuda-10.2, version 10.1
 (in-process)
 "/usr/lib/llvm-10/bin/clang" -cc1 -triple aarch64-unknown-linux-gnu -emit-obj -mrelax-all -disable-free -disable-llvm-verifier -discard-value-names -main-file-name CMakeCXXCompilerABI.cpp -mrelocation-model static -mthread-model posix -mframe-pointer=non-leaf -fmath-errno -fno-rounding-math -masm-verbose -mconstructor-aliases -target-cpu generic -target-feature +neon -target-abi aapcs -fallow-half-arguments-and-returns -dwarf-column-info -fno-split-dwarf-inlining -debugger-tuning=gdb -v -resource-dir /usr/lib/llvm-10/lib/clang/10.0.0 -dependency-file CMakeFiles/cmTC_da322.dir/CMakeCXXCompilerABI.cpp.o.d -MT CMakeFiles/cmTC_da322.dir/CMakeCXXCompilerABI.cpp.o -sys-header-deps -internal-isystem /usr/bin/../lib/gcc/aarch64-linux-gnu/7.5.0/../../../../include/c++/7.5.0 -internal-isystem /usr/bin/../lib/gcc/aarch64-linux-gnu/7.5.0/../../../../include/aarch64-linux-gnu/c++/7.5.0 -internal-isystem /usr/bin/../lib/gcc/aarch64-linux-gnu/7.5.0/../../../../include/aarch64-linux-gnu/c++/7.5.0 -internal-isystem /usr/bin/../lib/gcc/aarch64-linux-gnu/7.5.0/../../../../include/c++/7.5.0/backward -internal-isystem /usr/local/include -internal-isystem /usr/lib/llvm-10/lib/clang/10.0.0/include -internal-externc-isystem /usr/include/aarch64-linux-gnu -internal-externc-isystem /include -internal-externc-isystem /usr/include -fdeprecated-macro -fdebug-compilation-dir /home/ubuntu/github/cutlass/build/CMakeFiles/CMakeTmp -ferror-limit 19 -fmessage-length 0 -fno-signed-char -fgnuc-version=4.2.1 -fobjc-runtime=gcc -fcxx-exceptions -fexceptions -fdiagnostics-show-option -faddrsig -o CMakeFiles/cmTC_da322.dir/CMakeCXXCompilerABI.cpp.o -x c++ /usr/local/share/cmake-3.20/Modules/CMakeCXXCompilerABI.cpp
clang -cc1 version 10.0.0 based upon LLVM 10.0.0 default target aarch64-unknown-linux-gnu
ignoring nonexistent directory "/include"
ignoring duplicate directory "/usr/bin/../lib/gcc/aarch64-linux-gnu/7.5.0/../../../../include/aarch64-linux-gnu/c++/7.5.0"
#include "..." search starts here:
#include <...> search starts here:
 /usr/bin/../lib/gcc/aarch64-linux-gnu/7.5.0/../../../../include/c++/7.5.0
 /usr/bin/../lib/gcc/aarch64-linux-gnu/7.5.0/../../../../include/aarch64-linux-gnu/c++/7.5.0
 /usr/bin/../lib/gcc/aarch64-linux-gnu/7.5.0/../../../../include/c++/7.5.0/backward
 /usr/local/include
 /usr/lib/llvm-10/lib/clang/10.0.0/include
 /usr/include/aarch64-linux-gnu
 /usr/include
End of search list.
Linking CXX executable cmTC_da322
/usr/local/bin/cmake -E cmake_link_script CMakeFiles/cmTC_da322.dir/link.txt --verbose=1
/usr/bin/clang++  -v CMakeFiles/cmTC_da322.dir/CMakeCXXCompilerABI.cpp.o -o cmTC_da322 
clang version 10.0.0-4ubuntu1~18.04.2 
Target: aarch64-unknown-linux-gnu
Thread model: posix
InstalledDir: /usr/bin
Found candidate GCC installation: /usr/bin/../lib/gcc/aarch64-linux-gnu/7
Found candidate GCC installation: /usr/bin/../lib/gcc/aarch64-linux-gnu/7.5.0
Found candidate GCC installation: /usr/bin/../lib/gcc/aarch64-linux-gnu/8
Found candidate GCC installation: /usr/lib/gcc/aarch64-linux-gnu/7
Found candidate GCC installation: /usr/lib/gcc/aarch64-linux-gnu/7.5.0
Found candidate GCC installation: /usr/lib/gcc/aarch64-linux-gnu/8
Selected GCC installation: /usr/bin/../lib/gcc/aarch64-linux-gnu/7.5.0
Candidate multilib: .;@m64
Selected multilib: .;@m64
Found CUDA installation: /usr/local/cuda-10.2, version 10.1
 "/usr/bin/ld" -EL -z relro --hash-style=gnu --build-id --eh-frame-hdr -m aarch64linux -dynamic-linker /lib/ld-linux-aarch64.so.1 -o cmTC_da322 /usr/bin/../lib/gcc/aarch64-linux-gnu/7.5.0/../../../aarch64-linux-gnu/crt1.o /usr/bin/../lib/gcc/aarch64-linux-gnu/7.5.0/../../../aarch64-linux-gnu/crti.o /usr/bin/../lib/gcc/aarch64-linux-gnu/7.5.0/crtbegin.o -L/usr/bin/../lib/gcc/aarch64-linux-gnu/7.5.0 -L/usr/bin/../lib/gcc/aarch64-linux-gnu/7.5.0/../../../aarch64-linux-gnu -L/lib/aarch64-linux-gnu -L/usr/lib/aarch64-linux-gnu -L/usr/bin/../lib/gcc/aarch64-linux-gnu/7.5.0/../../.. -L/usr/lib/llvm-10/bin/../lib -L/lib -L/usr/lib CMakeFiles/cmTC_da322.dir/CMakeCXXCompilerABI.cpp.o -lstdc++ -lm -lgcc_s -lgcc -lc -lgcc_s -lgcc /usr/bin/../lib/gcc/aarch64-linux-gnu/7.5.0/crtend.o /usr/bin/../lib/gcc/aarch64-linux-gnu/7.5.0/../../../aarch64-linux-gnu/crtn.o
make[1]: Leaving directory '/home/ubuntu/github/cutlass/build/CMakeFiles/CMakeTmp'



Parsed CXX implicit include dir info from above output: rv=done
  found start of include info
  found start of implicit include info
    add: [/usr/bin/../lib/gcc/aarch64-linux-gnu/7.5.0/../../../../include/c++/7.5.0]
    add: [/usr/bin/../lib/gcc/aarch64-linux-gnu/7.5.0/../../../../include/aarch64-linux-gnu/c++/7.5.0]
    add: [/usr/bin/../lib/gcc/aarch64-linux-gnu/7.5.0/../../../../include/c++/7.5.0/backward]
    add: [/usr/local/include]
    add: [/usr/lib/llvm-10/lib/clang/10.0.0/include]
    add: [/usr/include/aarch64-linux-gnu]
    add: [/usr/include]
  end of search list found
  collapse include dir [/usr/bin/../lib/gcc/aarch64-linux-gnu/7.5.0/../../../../include/c++/7.5.0] ==> [/usr/include/c++/7.5.0]
  collapse include dir [/usr/bin/../lib/gcc/aarch64-linux-gnu/7.5.0/../../../../include/aarch64-linux-gnu/c++/7.5.0] ==> [/usr/include/aarch64-linux-gnu/c++/7.5.0]
  collapse include dir [/usr/bin/../lib/gcc/aarch64-linux-gnu/7.5.0/../../../../include/c++/7.5.0/backward] ==> [/usr/include/c++/7.5.0/backward]
  collapse include dir [/usr/local/include] ==> [/usr/local/include]
  collapse include dir [/usr/lib/llvm-10/lib/clang/10.0.0/include] ==> [/usr/lib/llvm-10/lib/clang/10.0.0/include]
  collapse include dir [/usr/include/aarch64-linux-gnu] ==> [/usr/include/aarch64-linux-gnu]
  collapse include dir [/usr/include] ==> [/usr/include]
  implicit include dirs: [/usr/include/c++/7.5.0;/usr/include/aarch64-linux-gnu/c++/7.5.0;/usr/include/c++/7.5.0/backward;/usr/local/include;/usr/lib/llvm-10/lib/clang/10.0.0/include;/usr/include/aarch64-linux-gnu;/usr/include]


Parsed CXX implicit link information from above output:
  link line regex: [^( *|.*[/\])(ld|CMAKE_LINK_STARTFILE-NOTFOUND|([^/\]+-)?ld|collect2)[^/\]*( |$)]
  ignore line: [Change Dir: /home/ubuntu/github/cutlass/build/CMakeFiles/CMakeTmp]
  ignore line: []
  ignore line: [Run Build Command(s):/usr/bin/make -f Makefile cmTC_da322/fast && /usr/bin/make  -f CMakeFiles/cmTC_da322.dir/build.make CMakeFiles/cmTC_da322.dir/build]
  ignore line: [make[1]: Entering directory '/home/ubuntu/github/cutlass/build/CMakeFiles/CMakeTmp']
  ignore line: [Building CXX object CMakeFiles/cmTC_da322.dir/CMakeCXXCompilerABI.cpp.o]
  ignore line: [/usr/bin/clang++   -v -MD -MT CMakeFiles/cmTC_da322.dir/CMakeCXXCompilerABI.cpp.o -MF CMakeFiles/cmTC_da322.dir/CMakeCXXCompilerABI.cpp.o.d -o CMakeFiles/cmTC_da322.dir/CMakeCXXCompilerABI.cpp.o -c /usr/local/share/cmake-3.20/Modules/CMakeCXXCompilerABI.cpp]
  ignore line: [clang version 10.0.0-4ubuntu1~18.04.2 ]
  ignore line: [Target: aarch64-unknown-linux-gnu]
  ignore line: [Thread model: posix]
  ignore line: [InstalledDir: /usr/bin]
  ignore line: [Found candidate GCC installation: /usr/bin/../lib/gcc/aarch64-linux-gnu/7]
  ignore line: [Found candidate GCC installation: /usr/bin/../lib/gcc/aarch64-linux-gnu/7.5.0]
  ignore line: [Found candidate GCC installation: /usr/bin/../lib/gcc/aarch64-linux-gnu/8]
  ignore line: [Found candidate GCC installation: /usr/lib/gcc/aarch64-linux-gnu/7]
  ignore line: [Found candidate GCC installation: /usr/lib/gcc/aarch64-linux-gnu/7.5.0]
  ignore line: [Found candidate GCC installation: /usr/lib/gcc/aarch64-linux-gnu/8]
  ignore line: [Selected GCC installation: /usr/bin/../lib/gcc/aarch64-linux-gnu/7.5.0]
  ignore line: [Candidate multilib: .]
  ignore line: [@m64]
  ignore line: [Selected multilib: .]
  ignore line: [@m64]
  ignore line: [Found CUDA installation: /usr/local/cuda-10.2  version 10.1]
  ignore line: [ (in-process)]
  ignore line: [ "/usr/lib/llvm-10/bin/clang" -cc1 -triple aarch64-unknown-linux-gnu -emit-obj -mrelax-all -disable-free -disable-llvm-verifier -discard-value-names -main-file-name CMakeCXXCompilerABI.cpp -mrelocation-model static -mthread-model posix -mframe-pointer=non-leaf -fmath-errno -fno-rounding-math -masm-verbose -mconstructor-aliases -target-cpu generic -target-feature +neon -target-abi aapcs -fallow-half-arguments-and-returns -dwarf-column-info -fno-split-dwarf-inlining -debugger-tuning=gdb -v -resource-dir /usr/lib/llvm-10/lib/clang/10.0.0 -dependency-file CMakeFiles/cmTC_da322.dir/CMakeCXXCompilerABI.cpp.o.d -MT CMakeFiles/cmTC_da322.dir/CMakeCXXCompilerABI.cpp.o -sys-header-deps -internal-isystem /usr/bin/../lib/gcc/aarch64-linux-gnu/7.5.0/../../../../include/c++/7.5.0 -internal-isystem /usr/bin/../lib/gcc/aarch64-linux-gnu/7.5.0/../../../../include/aarch64-linux-gnu/c++/7.5.0 -internal-isystem /usr/bin/../lib/gcc/aarch64-linux-gnu/7.5.0/../../../../include/aarch64-linux-gnu/c++/7.5.0 -internal-isystem /usr/bin/../lib/gcc/aarch64-linux-gnu/7.5.0/../../../../include/c++/7.5.0/backward -internal-isystem /usr/local/include -internal-isystem /usr/lib/llvm-10/lib/clang/10.0.0/include -internal-externc-isystem /usr/include/aarch64-linux-gnu -internal-externc-isystem /include -internal-externc-isystem /usr/include -fdeprecated-macro -fdebug-compilation-dir /home/ubuntu/github/cutlass/build/CMakeFiles/CMakeTmp -ferror-limit 19 -fmessage-length 0 -fno-signed-char -fgnuc-version=4.2.1 -fobjc-runtime=gcc -fcxx-exceptions -fexceptions -fdiagnostics-show-option -faddrsig -o CMakeFiles/cmTC_da322.dir/CMakeCXXCompilerABI.cpp.o -x c++ /usr/local/share/cmake-3.20/Modules/CMakeCXXCompilerABI.cpp]
  ignore line: [clang -cc1 version 10.0.0 based upon LLVM 10.0.0 default target aarch64-unknown-linux-gnu]
  ignore line: [ignoring nonexistent directory "/include"]
  ignore line: [ignoring duplicate directory "/usr/bin/../lib/gcc/aarch64-linux-gnu/7.5.0/../../../../include/aarch64-linux-gnu/c++/7.5.0"]
  ignore line: [#include "..." search starts here:]
  ignore line: [#include <...> search starts here:]
  ignore line: [ /usr/bin/../lib/gcc/aarch64-linux-gnu/7.5.0/../../../../include/c++/7.5.0]
  ignore line: [ /usr/bin/../lib/gcc/aarch64-linux-gnu/7.5.0/../../../../include/aarch64-linux-gnu/c++/7.5.0]
  ignore line: [ /usr/bin/../lib/gcc/aarch64-linux-gnu/7.5.0/../../../../include/c++/7.5.0/backward]
  ignore line: [ /usr/local/include]
  ignore line: [ /usr/lib/llvm-10/lib/clang/10.0.0/include]
  ignore line: [ /usr/include/aarch64-linux-gnu]
  ignore line: [ /usr/include]
  ignore line: [End of search list.]
  ignore line: [Linking CXX executable cmTC_da322]
  ignore line: [/usr/local/bin/cmake -E cmake_link_script CMakeFiles/cmTC_da322.dir/link.txt --verbose=1]
  ignore line: [/usr/bin/clang++  -v CMakeFiles/cmTC_da322.dir/CMakeCXXCompilerABI.cpp.o -o cmTC_da322 ]
  ignore line: [clang version 10.0.0-4ubuntu1~18.04.2 ]
  ignore line: [Target: aarch64-unknown-linux-gnu]
  ignore line: [Thread model: posix]
  ignore line: [InstalledDir: /usr/bin]
  ignore line: [Found candidate GCC installation: /usr/bin/../lib/gcc/aarch64-linux-gnu/7]
  ignore line: [Found candidate GCC installation: /usr/bin/../lib/gcc/aarch64-linux-gnu/7.5.0]
  ignore line: [Found candidate GCC installation: /usr/bin/../lib/gcc/aarch64-linux-gnu/8]
  ignore line: [Found candidate GCC installation: /usr/lib/gcc/aarch64-linux-gnu/7]
  ignore line: [Found candidate GCC installation: /usr/lib/gcc/aarch64-linux-gnu/7.5.0]
  ignore line: [Found candidate GCC installation: /usr/lib/gcc/aarch64-linux-gnu/8]
  ignore line: [Selected GCC installation: /usr/bin/../lib/gcc/aarch64-linux-gnu/7.5.0]
  ignore line: [Candidate multilib: .]
  ignore line: [@m64]
  ignore line: [Selected multilib: .]
  ignore line: [@m64]
  ignore line: [Found CUDA installation: /usr/local/cuda-10.2  version 10.1]
  link line: [ "/usr/bin/ld" -EL -z relro --hash-style=gnu --build-id --eh-frame-hdr -m aarch64linux -dynamic-linker /lib/ld-linux-aarch64.so.1 -o cmTC_da322 /usr/bin/../lib/gcc/aarch64-linux-gnu/7.5.0/../../../aarch64-linux-gnu/crt1.o /usr/bin/../lib/gcc/aarch64-linux-gnu/7.5.0/../../../aarch64-linux-gnu/crti.o /usr/bin/../lib/gcc/aarch64-linux-gnu/7.5.0/crtbegin.o -L/usr/bin/../lib/gcc/aarch64-linux-gnu/7.5.0 -L/usr/bin/../lib/gcc/aarch64-linux-gnu/7.5.0/../../../aarch64-linux-gnu -L/lib/aarch64-linux-gnu -L/usr/lib/aarch64-linux-gnu -L/usr/bin/../lib/gcc/aarch64-linux-gnu/7.5.0/../../.. -L/usr/lib/llvm-10/bin/../lib -L/lib -L/usr/lib CMakeFiles/cmTC_da322.dir/CMakeCXXCompilerABI.cpp.o -lstdc++ -lm -lgcc_s -lgcc -lc -lgcc_s -lgcc /usr/bin/../lib/gcc/aarch64-linux-gnu/7.5.0/crtend.o /usr/bin/../lib/gcc/aarch64-linux-gnu/7.5.0/../../../aarch64-linux-gnu/crtn.o]
    arg [/usr/bin/ld] ==> ignore
    arg [-EL] ==> ignore
    arg [-zrelro] ==> ignore
    arg [--hash-style=gnu] ==> ignore
    arg [--build-id] ==> ignore
    arg [--eh-frame-hdr] ==> ignore
    arg [-m] ==> ignore
    arg [aarch64linux] ==> ignore
    arg [-dynamic-linker] ==> ignore
    arg [/lib/ld-linux-aarch64.so.1] ==> ignore
    arg [-o] ==> ignore
    arg [cmTC_da322] ==> ignore
    arg [/usr/bin/../lib/gcc/aarch64-linux-gnu/7.5.0/../../../aarch64-linux-gnu/crt1.o] ==> obj [/usr/bin/../lib/gcc/aarch64-linux-gnu/7.5.0/../../../aarch64-linux-gnu/crt1.o]
    arg [/usr/bin/../lib/gcc/aarch64-linux-gnu/7.5.0/../../../aarch64-linux-gnu/crti.o] ==> obj [/usr/bin/../lib/gcc/aarch64-linux-gnu/7.5.0/../../../aarch64-linux-gnu/crti.o]
    arg [/usr/bin/../lib/gcc/aarch64-linux-gnu/7.5.0/crtbegin.o] ==> obj [/usr/bin/../lib/gcc/aarch64-linux-gnu/7.5.0/crtbegin.o]
    arg [-L/usr/bin/../lib/gcc/aarch64-linux-gnu/7.5.0] ==> dir [/usr/bin/../lib/gcc/aarch64-linux-gnu/7.5.0]
    arg [-L/usr/bin/../lib/gcc/aarch64-linux-gnu/7.5.0/../../../aarch64-linux-gnu] ==> dir [/usr/bin/../lib/gcc/aarch64-linux-gnu/7.5.0/../../../aarch64-linux-gnu]
    arg [-L/lib/aarch64-linux-gnu] ==> dir [/lib/aarch64-linux-gnu]
    arg [-L/usr/lib/aarch64-linux-gnu] ==> dir [/usr/lib/aarch64-linux-gnu]
    arg [-L/usr/bin/../lib/gcc/aarch64-linux-gnu/7.5.0/../../..] ==> dir [/usr/bin/../lib/gcc/aarch64-linux-gnu/7.5.0/../../..]
    arg [-L/usr/lib/llvm-10/bin/../lib] ==> dir [/usr/lib/llvm-10/bin/../lib]
    arg [-L/lib] ==> dir [/lib]
    arg [-L/usr/lib] ==> dir [/usr/lib]
    arg [CMakeFiles/cmTC_da322.dir/CMakeCXXCompilerABI.cpp.o] ==> ignore
    arg [-lstdc++] ==> lib [stdc++]
    arg [-lm] ==> lib [m]
    arg [-lgcc_s] ==> lib [gcc_s]
    arg [-lgcc] ==> lib [gcc]
    arg [-lc] ==> lib [c]
    arg [-lgcc_s] ==> lib [gcc_s]
    arg [-lgcc] ==> lib [gcc]
    arg [/usr/bin/../lib/gcc/aarch64-linux-gnu/7.5.0/crtend.o] ==> obj [/usr/bin/../lib/gcc/aarch64-linux-gnu/7.5.0/crtend.o]
    arg [/usr/bin/../lib/gcc/aarch64-linux-gnu/7.5.0/../../../aarch64-linux-gnu/crtn.o] ==> obj [/usr/bin/../lib/gcc/aarch64-linux-gnu/7.5.0/../../../aarch64-linux-gnu/crtn.o]
  collapse obj [/usr/bin/../lib/gcc/aarch64-linux-gnu/7.5.0/../../../aarch64-linux-gnu/crt1.o] ==> [/usr/lib/aarch64-linux-gnu/crt1.o]
  collapse obj [/usr/bin/../lib/gcc/aarch64-linux-gnu/7.5.0/../../../aarch64-linux-gnu/crti.o] ==> [/usr/lib/aarch64-linux-gnu/crti.o]
  collapse obj [/usr/bin/../lib/gcc/aarch64-linux-gnu/7.5.0/crtbegin.o] ==> [/usr/lib/gcc/aarch64-linux-gnu/7.5.0/crtbegin.o]
  collapse obj [/usr/bin/../lib/gcc/aarch64-linux-gnu/7.5.0/crtend.o] ==> [/usr/lib/gcc/aarch64-linux-gnu/7.5.0/crtend.o]
  collapse obj [/usr/bin/../lib/gcc/aarch64-linux-gnu/7.5.0/../../../aarch64-linux-gnu/crtn.o] ==> [/usr/lib/aarch64-linux-gnu/crtn.o]
  collapse library dir [/usr/bin/../lib/gcc/aarch64-linux-gnu/7.5.0] ==> [/usr/lib/gcc/aarch64-linux-gnu/7.5.0]
  collapse library dir [/usr/bin/../lib/gcc/aarch64-linux-gnu/7.5.0/../../../aarch64-linux-gnu] ==> [/usr/lib/aarch64-linux-gnu]
  collapse library dir [/lib/aarch64-linux-gnu] ==> [/lib/aarch64-linux-gnu]
  collapse library dir [/usr/lib/aarch64-linux-gnu] ==> [/usr/lib/aarch64-linux-gnu]
  collapse library dir [/usr/bin/../lib/gcc/aarch64-linux-gnu/7.5.0/../../..] ==> [/usr/lib]
  collapse library dir [/usr/lib/llvm-10/bin/../lib] ==> [/usr/lib/llvm-10/lib]
  collapse library dir [/lib] ==> [/lib]
  collapse library dir [/usr/lib] ==> [/usr/lib]
  implicit libs: [stdc++;m;gcc_s;gcc;c;gcc_s;gcc]
  implicit objs: [/usr/lib/aarch64-linux-gnu/crt1.o;/usr/lib/aarch64-linux-gnu/crti.o;/usr/lib/gcc/aarch64-linux-gnu/7.5.0/crtbegin.o;/usr/lib/gcc/aarch64-linux-gnu/7.5.0/crtend.o;/usr/lib/aarch64-linux-gnu/crtn.o]
  implicit dirs: [/usr/lib/gcc/aarch64-linux-gnu/7.5.0;/usr/lib/aarch64-linux-gnu;/lib/aarch64-linux-gnu;/usr/lib;/usr/lib/llvm-10/lib;/lib]
  implicit fwks: []


Detecting CUDA compiler ABI info compiled with the following output:
Change Dir: /home/ubuntu/github/cutlass/build/CMakeFiles/CMakeTmp

Run Build Command(s):/usr/bin/make -f Makefile cmTC_49cbf/fast && /usr/bin/make  -f CMakeFiles/cmTC_49cbf.dir/build.make CMakeFiles/cmTC_49cbf.dir/build
make[1]: Entering directory '/home/ubuntu/github/cutlass/build/CMakeFiles/CMakeTmp'
Building CUDA object CMakeFiles/cmTC_49cbf.dir/CMakeCUDACompilerABI.cu.o
/usr/local/cuda-10.2/bin/nvcc -forward-unknown-to-host-compiler   -O0    -Xcompiler=-v -MD -MT CMakeFiles/cmTC_49cbf.dir/CMakeCUDACompilerABI.cu.o -MF CMakeFiles/cmTC_49cbf.dir/CMakeCUDACompilerABI.cu.o.d -x cu -c /usr/local/share/cmake-3.20/Modules/CMakeCUDACompilerABI.cu -o CMakeFiles/cmTC_49cbf.dir/CMakeCUDACompilerABI.cu.o
Using built-in specs.
COLLECT_GCC=gcc
Target: aarch64-linux-gnu
Configured with: ../src/configure -v --with-pkgversion='Ubuntu/Linaro 7.5.0-3ubuntu1~18.04' --with-bugurl=file:///usr/share/doc/gcc-7/README.Bugs --enable-languages=c,ada,c++,go,d,fortran,objc,obj-c++ --prefix=/usr --with-gcc-major-version-only --program-suffix=-7 --program-prefix=aarch64-linux-gnu- --enable-shared --enable-linker-build-id --libexecdir=/usr/lib --without-included-gettext --enable-threads=posix --libdir=/usr/lib --enable-nls --enable-bootstrap --enable-clocale=gnu --enable-libstdcxx-debug --enable-libstdcxx-time=yes --with-default-libstdcxx-abi=new --enable-gnu-unique-object --disable-libquadmath --disable-libquadmath-support --enable-plugin --enable-default-pie --with-system-zlib --enable-multiarch --enable-fix-cortex-a53-843419 --disable-werror --enable-checking=release --build=aarch64-linux-gnu --host=aarch64-linux-gnu --target=aarch64-linux-gnu
Thread model: posix
gcc version 7.5.0 (Ubuntu/Linaro 7.5.0-3ubuntu1~18.04) 
COLLECT_GCC_OPTIONS='-D' '__CUDA_ARCH__=300' '-E' '-D' 'CUDA_DOUBLE_MATH_FUNCTIONS' '-D' '__CUDACC__' '-D' '__NVCC__' '-v' '-I' '/usr/local/cuda-10.2/bin/../targets/aarch64-linux/include' '-D' '__CUDACC_VER_MAJOR__=10' '-D' '__CUDACC_VER_MINOR__=2' '-D' '__CUDACC_VER_BUILD__=89' '-include' 'cuda_runtime.h' '-o' '/tmp/tmpxft_0000325e_00000000-6_CMakeCUDACompilerABI.cpp1.ii' '-mlittle-endian' '-mabi=lp64'
 /usr/lib/gcc/aarch64-linux-gnu/7/cc1plus -E -quiet -v -I /usr/local/cuda-10.2/bin/../targets/aarch64-linux/include -imultiarch aarch64-linux-gnu -D_GNU_SOURCE -D __CUDA_ARCH__=300 -D CUDA_DOUBLE_MATH_FUNCTIONS -D __CUDACC__ -D __NVCC__ -D __CUDACC_VER_MAJOR__=10 -D __CUDACC_VER_MINOR__=2 -D __CUDACC_VER_BUILD__=89 -include cuda_runtime.h /usr/local/share/cmake-3.20/Modules/CMakeCUDACompilerABI.cu -o /tmp/tmpxft_0000325e_00000000-6_CMakeCUDACompilerABI.cpp1.ii -mlittle-endian -mabi=lp64 -fstack-protector-strong -Wformat -Wformat-security
ignoring duplicate directory "/usr/include/aarch64-linux-gnu/c++/7"
ignoring nonexistent directory "/usr/local/include/aarch64-linux-gnu"
ignoring nonexistent directory "/usr/lib/gcc/aarch64-linux-gnu/7/../../../../aarch64-linux-gnu/include"
#include "..." search starts here:
#include <...> search starts here:
 /usr/local/cuda-10.2/bin/../targets/aarch64-linux/include
 /usr/include/c++/7
 /usr/include/aarch64-linux-gnu/c++/7
 /usr/include/c++/7/backward
 /usr/lib/gcc/aarch64-linux-gnu/7/include
 /usr/local/include
 /usr/lib/gcc/aarch64-linux-gnu/7/include-fixed
 /usr/include/aarch64-linux-gnu
 /usr/include
End of search list.
COMPILER_PATH=/usr/lib/gcc/aarch64-linux-gnu/7/:/usr/lib/gcc/aarch64-linux-gnu/7/:/usr/lib/gcc/aarch64-linux-gnu/:/usr/lib/gcc/aarch64-linux-gnu/7/:/usr/lib/gcc/aarch64-linux-gnu/
LIBRARY_PATH=/usr/lib/gcc/aarch64-linux-gnu/7/:/usr/lib/gcc/aarch64-linux-gnu/7/../../../aarch64-linux-gnu/:/usr/lib/gcc/aarch64-linux-gnu/7/../../../../lib/:/lib/aarch64-linux-gnu/:/lib/../lib/:/usr/lib/aarch64-linux-gnu/:/usr/lib/../lib/:/usr/lib/gcc/aarch64-linux-gnu/7/../../../:/lib/:/usr/lib/
COLLECT_GCC_OPTIONS='-D' '__CUDA_ARCH__=300' '-E' '-D' 'CUDA_DOUBLE_MATH_FUNCTIONS' '-D' '__CUDACC__' '-D' '__NVCC__' '-v' '-I' '/usr/local/cuda-10.2/bin/../targets/aarch64-linux/include' '-D' '__CUDACC_VER_MAJOR__=10' '-D' '__CUDACC_VER_MINOR__=2' '-D' '__CUDACC_VER_BUILD__=89' '-include' 'cuda_runtime.h' '-o' '/tmp/tmpxft_0000325e_00000000-6_CMakeCUDACompilerABI.cpp1.ii' '-mlittle-endian' '-mabi=lp64'
Using built-in specs.
COLLECT_GCC=gcc
Target: aarch64-linux-gnu
Configured with: ../src/configure -v --with-pkgversion='Ubuntu/Linaro 7.5.0-3ubuntu1~18.04' --with-bugurl=file:///usr/share/doc/gcc-7/README.Bugs --enable-languages=c,ada,c++,go,d,fortran,objc,obj-c++ --prefix=/usr --with-gcc-major-version-only --program-suffix=-7 --program-prefix=aarch64-linux-gnu- --enable-shared --enable-linker-build-id --libexecdir=/usr/lib --without-included-gettext --enable-threads=posix --libdir=/usr/lib --enable-nls --enable-bootstrap --enable-clocale=gnu --enable-libstdcxx-debug --enable-libstdcxx-time=yes --with-default-libstdcxx-abi=new --enable-gnu-unique-object --disable-libquadmath --disable-libquadmath-support --enable-plugin --enable-default-pie --with-system-zlib --enable-multiarch --enable-fix-cortex-a53-843419 --disable-werror --enable-checking=release --build=aarch64-linux-gnu --host=aarch64-linux-gnu --target=aarch64-linux-gnu
Thread model: posix
gcc version 7.5.0 (Ubuntu/Linaro 7.5.0-3ubuntu1~18.04) 
COLLECT_GCC_OPTIONS='-E' '-D' '__CUDACC__' '-D' '__NVCC__' '-v' '-I' '/usr/local/cuda-10.2/bin/../targets/aarch64-linux/include' '-D' '__CUDACC_VER_MAJOR__=10' '-D' '__CUDACC_VER_MINOR__=2' '-D' '__CUDACC_VER_BUILD__=89' '-include' 'cuda_runtime.h' '-o' '/tmp/tmpxft_0000325e_00000000-4_CMakeCUDACompilerABI.cpp4.ii' '-mlittle-endian' '-mabi=lp64'
 /usr/lib/gcc/aarch64-linux-gnu/7/cc1plus -E -quiet -v -I /usr/local/cuda-10.2/bin/../targets/aarch64-linux/include -imultiarch aarch64-linux-gnu -D_GNU_SOURCE -D __CUDACC__ -D __NVCC__ -D __CUDACC_VER_MAJOR__=10 -D __CUDACC_VER_MINOR__=2 -D __CUDACC_VER_BUILD__=89 -include cuda_runtime.h /usr/local/share/cmake-3.20/Modules/CMakeCUDACompilerABI.cu -o /tmp/tmpxft_0000325e_00000000-4_CMakeCUDACompilerABI.cpp4.ii -mlittle-endian -mabi=lp64 -fstack-protector-strong -Wformat -Wformat-security
ignoring duplicate directory "/usr/include/aarch64-linux-gnu/c++/7"
ignoring nonexistent directory "/usr/local/include/aarch64-linux-gnu"
ignoring nonexistent directory "/usr/lib/gcc/aarch64-linux-gnu/7/../../../../aarch64-linux-gnu/include"
#include "..." search starts here:
#include <...> search starts here:
 /usr/local/cuda-10.2/bin/../targets/aarch64-linux/include
 /usr/include/c++/7
 /usr/include/aarch64-linux-gnu/c++/7
 /usr/include/c++/7/backward
 /usr/lib/gcc/aarch64-linux-gnu/7/include
 /usr/local/include
 /usr/lib/gcc/aarch64-linux-gnu/7/include-fixed
 /usr/include/aarch64-linux-gnu
 /usr/include
End of search list.
COMPILER_PATH=/usr/lib/gcc/aarch64-linux-gnu/7/:/usr/lib/gcc/aarch64-linux-gnu/7/:/usr/lib/gcc/aarch64-linux-gnu/:/usr/lib/gcc/aarch64-linux-gnu/7/:/usr/lib/gcc/aarch64-linux-gnu/
LIBRARY_PATH=/usr/lib/gcc/aarch64-linux-gnu/7/:/usr/lib/gcc/aarch64-linux-gnu/7/../../../aarch64-linux-gnu/:/usr/lib/gcc/aarch64-linux-gnu/7/../../../../lib/:/lib/aarch64-linux-gnu/:/lib/../lib/:/usr/lib/aarch64-linux-gnu/:/usr/lib/../lib/:/usr/lib/gcc/aarch64-linux-gnu/7/../../../:/lib/:/usr/lib/
COLLECT_GCC_OPTIONS='-E' '-D' '__CUDACC__' '-D' '__NVCC__' '-v' '-I' '/usr/local/cuda-10.2/bin/../targets/aarch64-linux/include' '-D' '__CUDACC_VER_MAJOR__=10' '-D' '__CUDACC_VER_MINOR__=2' '-D' '__CUDACC_VER_BUILD__=89' '-include' 'cuda_runtime.h' '-o' '/tmp/tmpxft_0000325e_00000000-4_CMakeCUDACompilerABI.cpp4.ii' '-mlittle-endian' '-mabi=lp64'
Using built-in specs.
COLLECT_GCC=gcc
Target: aarch64-linux-gnu
Configured with: ../src/configure -v --with-pkgversion='Ubuntu/Linaro 7.5.0-3ubuntu1~18.04' --with-bugurl=file:///usr/share/doc/gcc-7/README.Bugs --enable-languages=c,ada,c++,go,d,fortran,objc,obj-c++ --prefix=/usr --with-gcc-major-version-only --program-suffix=-7 --program-prefix=aarch64-linux-gnu- --enable-shared --enable-linker-build-id --libexecdir=/usr/lib --without-included-gettext --enable-threads=posix --libdir=/usr/lib --enable-nls --enable-bootstrap --enable-clocale=gnu --enable-libstdcxx-debug --enable-libstdcxx-time=yes --with-default-libstdcxx-abi=new --enable-gnu-unique-object --disable-libquadmath --disable-libquadmath-support --enable-plugin --enable-default-pie --with-system-zlib --enable-multiarch --enable-fix-cortex-a53-843419 --disable-werror --enable-checking=release --build=aarch64-linux-gnu --host=aarch64-linux-gnu --target=aarch64-linux-gnu
Thread model: posix
gcc version 7.5.0 (Ubuntu/Linaro 7.5.0-3ubuntu1~18.04) 
COLLECT_GCC_OPTIONS='-D' '__CUDA_ARCH__=300' '-c' '-D' 'CUDA_DOUBLE_MATH_FUNCTIONS' '-v' '-I' '/usr/local/cuda-10.2/bin/../targets/aarch64-linux/include' '-o' 'CMakeFiles/cmTC_49cbf.dir/CMakeCUDACompilerABI.cu.o' '-mlittle-endian' '-mabi=lp64'
 /usr/lib/gcc/aarch64-linux-gnu/7/cc1plus -quiet -v -I /usr/local/cuda-10.2/bin/../targets/aarch64-linux/include -imultiarch aarch64-linux-gnu -D_GNU_SOURCE -D __CUDA_ARCH__=300 -D CUDA_DOUBLE_MATH_FUNCTIONS /tmp/tmpxft_0000325e_00000000-5_CMakeCUDACompilerABI.cudafe1.cpp -quiet -dumpbase tmpxft_0000325e_00000000-5_CMakeCUDACompilerABI.cudafe1.cpp -mlittle-endian -mabi=lp64 -auxbase-strip CMakeFiles/cmTC_49cbf.dir/CMakeCUDACompilerABI.cu.o -version -fstack-protector-strong -Wformat -Wformat-security -o /tmp/ccu7LL3Y.s
GNU C++14 (Ubuntu/Linaro 7.5.0-3ubuntu1~18.04) version 7.5.0 (aarch64-linux-gnu)
	compiled by GNU C version 7.5.0, GMP version 6.1.2, MPFR version 4.0.1, MPC version 1.1.0, isl version isl-0.19-GMP

GGC heuristics: --param ggc-min-expand=100 --param ggc-min-heapsize=131072
ignoring duplicate directory "/usr/include/aarch64-linux-gnu/c++/7"
ignoring nonexistent directory "/usr/local/include/aarch64-linux-gnu"
ignoring nonexistent directory "/usr/lib/gcc/aarch64-linux-gnu/7/../../../../aarch64-linux-gnu/include"
#include "..." search starts here:
#include <...> search starts here:
 /usr/local/cuda-10.2/bin/../targets/aarch64-linux/include
 /usr/include/c++/7
 /usr/include/aarch64-linux-gnu/c++/7
 /usr/include/c++/7/backward
 /usr/lib/gcc/aarch64-linux-gnu/7/include
 /usr/local/include
 /usr/lib/gcc/aarch64-linux-gnu/7/include-fixed
 /usr/include/aarch64-linux-gnu
 /usr/include
End of search list.
GNU C++14 (Ubuntu/Linaro 7.5.0-3ubuntu1~18.04) version 7.5.0 (aarch64-linux-gnu)
	compiled by GNU C version 7.5.0, GMP version 6.1.2, MPFR version 4.0.1, MPC version 1.1.0, isl version isl-0.19-GMP

GGC heuristics: --param ggc-min-expand=100 --param ggc-min-heapsize=131072
Compiler executable checksum: 267235b6617dadf512d9def64c54895c
COLLECT_GCC_OPTIONS='-D' '__CUDA_ARCH__=300' '-c' '-D' 'CUDA_DOUBLE_MATH_FUNCTIONS' '-v' '-I' '/usr/local/cuda-10.2/bin/../targets/aarch64-linux/include' '-o' 'CMakeFiles/cmTC_49cbf.dir/CMakeCUDACompilerABI.cu.o' '-mlittle-endian' '-mabi=lp64'
 as -v -I /usr/local/cuda-10.2/bin/../targets/aarch64-linux/include -EL -mabi=lp64 -o CMakeFiles/cmTC_49cbf.dir/CMakeCUDACompilerABI.cu.o /tmp/ccu7LL3Y.s
GNU assembler version 2.30 (aarch64-linux-gnu) using BFD version (GNU Binutils for Ubuntu) 2.30
COMPILER_PATH=/usr/lib/gcc/aarch64-linux-gnu/7/:/usr/lib/gcc/aarch64-linux-gnu/7/:/usr/lib/gcc/aarch64-linux-gnu/:/usr/lib/gcc/aarch64-linux-gnu/7/:/usr/lib/gcc/aarch64-linux-gnu/
LIBRARY_PATH=/usr/lib/gcc/aarch64-linux-gnu/7/:/usr/lib/gcc/aarch64-linux-gnu/7/../../../aarch64-linux-gnu/:/usr/lib/gcc/aarch64-linux-gnu/7/../../../../lib/:/lib/aarch64-linux-gnu/:/lib/../lib/:/usr/lib/aarch64-linux-gnu/:/usr/lib/../lib/:/usr/lib/gcc/aarch64-linux-gnu/7/../../../:/lib/:/usr/lib/
COLLECT_GCC_OPTIONS='-D' '__CUDA_ARCH__=300' '-c' '-D' 'CUDA_DOUBLE_MATH_FUNCTIONS' '-v' '-I' '/usr/local/cuda-10.2/bin/../targets/aarch64-linux/include' '-o' 'CMakeFiles/cmTC_49cbf.dir/CMakeCUDACompilerABI.cu.o' '-mlittle-endian' '-mabi=lp64'
Linking CUDA executable cmTC_49cbf
/usr/local/bin/cmake -E cmake_link_script CMakeFiles/cmTC_49cbf.dir/link.txt --verbose=1
/usr/bin/g++  -v CMakeFiles/cmTC_49cbf.dir/CMakeCUDACompilerABI.cu.o -o cmTC_49cbf  -lcudadevrt -lcudart_static -lrt -lpthread -ldl  -L"/usr/local/cuda-10.2/targets/aarch64-linux/lib/stubs" -L"/usr/local/cuda-10.2/targets/aarch64-linux/lib"
Using built-in specs.
COLLECT_GCC=/usr/bin/g++
COLLECT_LTO_WRAPPER=/usr/lib/gcc/aarch64-linux-gnu/7/lto-wrapper
Target: aarch64-linux-gnu
Configured with: ../src/configure -v --with-pkgversion='Ubuntu/Linaro 7.5.0-3ubuntu1~18.04' --with-bugurl=file:///usr/share/doc/gcc-7/README.Bugs --enable-languages=c,ada,c++,go,d,fortran,objc,obj-c++ --prefix=/usr --with-gcc-major-version-only --program-suffix=-7 --program-prefix=aarch64-linux-gnu- --enable-shared --enable-linker-build-id --libexecdir=/usr/lib --without-included-gettext --enable-threads=posix --libdir=/usr/lib --enable-nls --enable-bootstrap --enable-clocale=gnu --enable-libstdcxx-debug --enable-libstdcxx-time=yes --with-default-libstdcxx-abi=new --enable-gnu-unique-object --disable-libquadmath --disable-libquadmath-support --enable-plugin --enable-default-pie --with-system-zlib --enable-multiarch --enable-fix-cortex-a53-843419 --disable-werror --enable-checking=release --build=aarch64-linux-gnu --host=aarch64-linux-gnu --target=aarch64-linux-gnu
Thread model: posix
gcc version 7.5.0 (Ubuntu/Linaro 7.5.0-3ubuntu1~18.04) 
COMPILER_PATH=/usr/lib/gcc/aarch64-linux-gnu/7/:/usr/lib/gcc/aarch64-linux-gnu/7/:/usr/lib/gcc/aarch64-linux-gnu/:/usr/lib/gcc/aarch64-linux-gnu/7/:/usr/lib/gcc/aarch64-linux-gnu/
LIBRARY_PATH=/usr/lib/gcc/aarch64-linux-gnu/7/:/usr/lib/gcc/aarch64-linux-gnu/7/../../../aarch64-linux-gnu/:/usr/lib/gcc/aarch64-linux-gnu/7/../../../../lib/:/lib/aarch64-linux-gnu/:/lib/../lib/:/usr/lib/aarch64-linux-gnu/:/usr/lib/../lib/:/usr/lib/gcc/aarch64-linux-gnu/7/../../../:/lib/:/usr/lib/
COLLECT_GCC_OPTIONS='-v' '-o' 'cmTC_49cbf' '-L/usr/local/cuda-10.2/targets/aarch64-linux/lib/stubs' '-L/usr/local/cuda-10.2/targets/aarch64-linux/lib' '-shared-libgcc' '-mlittle-endian' '-mabi=lp64'
 /usr/lib/gcc/aarch64-linux-gnu/7/collect2 -plugin /usr/lib/gcc/aarch64-linux-gnu/7/liblto_plugin.so -plugin-opt=/usr/lib/gcc/aarch64-linux-gnu/7/lto-wrapper -plugin-opt=-fresolution=/tmp/ccDeQIfa.res -plugin-opt=-pass-through=-lgcc_s -plugin-opt=-pass-through=-lgcc -plugin-opt=-pass-through=-lc -plugin-opt=-pass-through=-lgcc_s -plugin-opt=-pass-through=-lgcc --build-id --eh-frame-hdr --hash-style=gnu --as-needed -dynamic-linker /lib/ld-linux-aarch64.so.1 -X -EL -maarch64linux --fix-cortex-a53-843419 -pie -z now -z relro -o cmTC_49cbf /usr/lib/gcc/aarch64-linux-gnu/7/../../../aarch64-linux-gnu/Scrt1.o /usr/lib/gcc/aarch64-linux-gnu/7/../../../aarch64-linux-gnu/crti.o /usr/lib/gcc/aarch64-linux-gnu/7/crtbeginS.o -L/usr/local/cuda-10.2/targets/aarch64-linux/lib/stubs -L/usr/local/cuda-10.2/targets/aarch64-linux/lib -L/usr/lib/gcc/aarch64-linux-gnu/7 -L/usr/lib/gcc/aarch64-linux-gnu/7/../../../aarch64-linux-gnu -L/usr/lib/gcc/aarch64-linux-gnu/7/../../../../lib -L/lib/aarch64-linux-gnu -L/lib/../lib -L/usr/lib/aarch64-linux-gnu -L/usr/lib/../lib -L/usr/lib/gcc/aarch64-linux-gnu/7/../../.. CMakeFiles/cmTC_49cbf.dir/CMakeCUDACompilerABI.cu.o -lcudadevrt -lcudart_static -lrt -lpthread -ldl -lstdc++ -lm -lgcc_s -lgcc -lc -lgcc_s -lgcc /usr/lib/gcc/aarch64-linux-gnu/7/crtendS.o /usr/lib/gcc/aarch64-linux-gnu/7/../../../aarch64-linux-gnu/crtn.o
COLLECT_GCC_OPTIONS='-v' '-o' 'cmTC_49cbf' '-L/usr/local/cuda-10.2/targets/aarch64-linux/lib/stubs' '-L/usr/local/cuda-10.2/targets/aarch64-linux/lib' '-shared-libgcc' '-mlittle-endian' '-mabi=lp64'
make[1]: Leaving directory '/home/ubuntu/github/cutlass/build/CMakeFiles/CMakeTmp'



Parsed CUDA implicit include dir info from above output: rv=done
  found start of include info
  found start of implicit include info
    add: [/usr/local/cuda-10.2/bin/../targets/aarch64-linux/include]
    add: [/usr/include/c++/7]
    add: [/usr/include/aarch64-linux-gnu/c++/7]
    add: [/usr/include/c++/7/backward]
    add: [/usr/lib/gcc/aarch64-linux-gnu/7/include]
    add: [/usr/local/include]
    add: [/usr/lib/gcc/aarch64-linux-gnu/7/include-fixed]
    add: [/usr/include/aarch64-linux-gnu]
    add: [/usr/include]
  end of search list found
  collapse include dir [/usr/local/cuda-10.2/bin/../targets/aarch64-linux/include] ==> [/usr/local/cuda-10.2/targets/aarch64-linux/include]
  collapse include dir [/usr/include/c++/7] ==> [/usr/include/c++/7]
  collapse include dir [/usr/include/aarch64-linux-gnu/c++/7] ==> [/usr/include/aarch64-linux-gnu/c++/7]
  collapse include dir [/usr/include/c++/7/backward] ==> [/usr/include/c++/7/backward]
  collapse include dir [/usr/lib/gcc/aarch64-linux-gnu/7/include] ==> [/usr/lib/gcc/aarch64-linux-gnu/7/include]
  collapse include dir [/usr/local/include] ==> [/usr/local/include]
  collapse include dir [/usr/lib/gcc/aarch64-linux-gnu/7/include-fixed] ==> [/usr/lib/gcc/aarch64-linux-gnu/7/include-fixed]
  collapse include dir [/usr/include/aarch64-linux-gnu] ==> [/usr/include/aarch64-linux-gnu]
  collapse include dir [/usr/include] ==> [/usr/include]
  implicit include dirs: [/usr/local/cuda-10.2/targets/aarch64-linux/include;/usr/include/c++/7;/usr/include/aarch64-linux-gnu/c++/7;/usr/include/c++/7/backward;/usr/lib/gcc/aarch64-linux-gnu/7/include;/usr/local/include;/usr/lib/gcc/aarch64-linux-gnu/7/include-fixed;/usr/include/aarch64-linux-gnu;/usr/include]


Parsed CUDA implicit link information from above output:
  link line regex: [^( *|.*[/\])(ld|CMAKE_LINK_STARTFILE-NOTFOUND|([^/\]+-)?ld|collect2)[^/\]*( |$)]
  ignore line: [Change Dir: /home/ubuntu/github/cutlass/build/CMakeFiles/CMakeTmp]
  ignore line: []
  ignore line: [Run Build Command(s):/usr/bin/make -f Makefile cmTC_49cbf/fast && /usr/bin/make  -f CMakeFiles/cmTC_49cbf.dir/build.make CMakeFiles/cmTC_49cbf.dir/build]
  ignore line: [make[1]: Entering directory '/home/ubuntu/github/cutlass/build/CMakeFiles/CMakeTmp']
  ignore line: [Building CUDA object CMakeFiles/cmTC_49cbf.dir/CMakeCUDACompilerABI.cu.o]
  ignore line: [/usr/local/cuda-10.2/bin/nvcc -forward-unknown-to-host-compiler   -O0    -Xcompiler=-v -MD -MT CMakeFiles/cmTC_49cbf.dir/CMakeCUDACompilerABI.cu.o -MF CMakeFiles/cmTC_49cbf.dir/CMakeCUDACompilerABI.cu.o.d -x cu -c /usr/local/share/cmake-3.20/Modules/CMakeCUDACompilerABI.cu -o CMakeFiles/cmTC_49cbf.dir/CMakeCUDACompilerABI.cu.o]
  ignore line: [Using built-in specs.]
  ignore line: [COLLECT_GCC=gcc]
  ignore line: [Target: aarch64-linux-gnu]
  ignore line: [Configured with: ../src/configure -v --with-pkgversion='Ubuntu/Linaro 7.5.0-3ubuntu1~18.04' --with-bugurl=file:///usr/share/doc/gcc-7/README.Bugs --enable-languages=c ada c++ go d fortran objc obj-c++ --prefix=/usr --with-gcc-major-version-only --program-suffix=-7 --program-prefix=aarch64-linux-gnu- --enable-shared --enable-linker-build-id --libexecdir=/usr/lib --without-included-gettext --enable-threads=posix --libdir=/usr/lib --enable-nls --enable-bootstrap --enable-clocale=gnu --enable-libstdcxx-debug --enable-libstdcxx-time=yes --with-default-libstdcxx-abi=new --enable-gnu-unique-object --disable-libquadmath --disable-libquadmath-support --enable-plugin --enable-default-pie --with-system-zlib --enable-multiarch --enable-fix-cortex-a53-843419 --disable-werror --enable-checking=release --build=aarch64-linux-gnu --host=aarch64-linux-gnu --target=aarch64-linux-gnu]
  ignore line: [Thread model: posix]
  ignore line: [gcc version 7.5.0 (Ubuntu/Linaro 7.5.0-3ubuntu1~18.04) ]
  ignore line: [COLLECT_GCC_OPTIONS='-D' '__CUDA_ARCH__=300' '-E' '-D' 'CUDA_DOUBLE_MATH_FUNCTIONS' '-D' '__CUDACC__' '-D' '__NVCC__' '-v' '-I' '/usr/local/cuda-10.2/bin/../targets/aarch64-linux/include' '-D' '__CUDACC_VER_MAJOR__=10' '-D' '__CUDACC_VER_MINOR__=2' '-D' '__CUDACC_VER_BUILD__=89' '-include' 'cuda_runtime.h' '-o' '/tmp/tmpxft_0000325e_00000000-6_CMakeCUDACompilerABI.cpp1.ii' '-mlittle-endian' '-mabi=lp64']
  ignore line: [ /usr/lib/gcc/aarch64-linux-gnu/7/cc1plus -E -quiet -v -I /usr/local/cuda-10.2/bin/../targets/aarch64-linux/include -imultiarch aarch64-linux-gnu -D_GNU_SOURCE -D __CUDA_ARCH__=300 -D CUDA_DOUBLE_MATH_FUNCTIONS -D __CUDACC__ -D __NVCC__ -D __CUDACC_VER_MAJOR__=10 -D __CUDACC_VER_MINOR__=2 -D __CUDACC_VER_BUILD__=89 -include cuda_runtime.h /usr/local/share/cmake-3.20/Modules/CMakeCUDACompilerABI.cu -o /tmp/tmpxft_0000325e_00000000-6_CMakeCUDACompilerABI.cpp1.ii -mlittle-endian -mabi=lp64 -fstack-protector-strong -Wformat -Wformat-security]
  ignore line: [ignoring duplicate directory "/usr/include/aarch64-linux-gnu/c++/7"]
  ignore line: [ignoring nonexistent directory "/usr/local/include/aarch64-linux-gnu"]
  ignore line: [ignoring nonexistent directory "/usr/lib/gcc/aarch64-linux-gnu/7/../../../../aarch64-linux-gnu/include"]
  ignore line: [#include "..." search starts here:]
  ignore line: [#include <...> search starts here:]
  ignore line: [ /usr/local/cuda-10.2/bin/../targets/aarch64-linux/include]
  ignore line: [ /usr/include/c++/7]
  ignore line: [ /usr/include/aarch64-linux-gnu/c++/7]
  ignore line: [ /usr/include/c++/7/backward]
  ignore line: [ /usr/lib/gcc/aarch64-linux-gnu/7/include]
  ignore line: [ /usr/local/include]
  ignore line: [ /usr/lib/gcc/aarch64-linux-gnu/7/include-fixed]
  ignore line: [ /usr/include/aarch64-linux-gnu]
  ignore line: [ /usr/include]
  ignore line: [End of search list.]
  ignore line: [COMPILER_PATH=/usr/lib/gcc/aarch64-linux-gnu/7/:/usr/lib/gcc/aarch64-linux-gnu/7/:/usr/lib/gcc/aarch64-linux-gnu/:/usr/lib/gcc/aarch64-linux-gnu/7/:/usr/lib/gcc/aarch64-linux-gnu/]
  ignore line: [LIBRARY_PATH=/usr/lib/gcc/aarch64-linux-gnu/7/:/usr/lib/gcc/aarch64-linux-gnu/7/../../../aarch64-linux-gnu/:/usr/lib/gcc/aarch64-linux-gnu/7/../../../../lib/:/lib/aarch64-linux-gnu/:/lib/../lib/:/usr/lib/aarch64-linux-gnu/:/usr/lib/../lib/:/usr/lib/gcc/aarch64-linux-gnu/7/../../../:/lib/:/usr/lib/]
  ignore line: [COLLECT_GCC_OPTIONS='-D' '__CUDA_ARCH__=300' '-E' '-D' 'CUDA_DOUBLE_MATH_FUNCTIONS' '-D' '__CUDACC__' '-D' '__NVCC__' '-v' '-I' '/usr/local/cuda-10.2/bin/../targets/aarch64-linux/include' '-D' '__CUDACC_VER_MAJOR__=10' '-D' '__CUDACC_VER_MINOR__=2' '-D' '__CUDACC_VER_BUILD__=89' '-include' 'cuda_runtime.h' '-o' '/tmp/tmpxft_0000325e_00000000-6_CMakeCUDACompilerABI.cpp1.ii' '-mlittle-endian' '-mabi=lp64']
  ignore line: [Using built-in specs.]
  ignore line: [COLLECT_GCC=gcc]
  ignore line: [Target: aarch64-linux-gnu]
  ignore line: [Configured with: ../src/configure -v --with-pkgversion='Ubuntu/Linaro 7.5.0-3ubuntu1~18.04' --with-bugurl=file:///usr/share/doc/gcc-7/README.Bugs --enable-languages=c ada c++ go d fortran objc obj-c++ --prefix=/usr --with-gcc-major-version-only --program-suffix=-7 --program-prefix=aarch64-linux-gnu- --enable-shared --enable-linker-build-id --libexecdir=/usr/lib --without-included-gettext --enable-threads=posix --libdir=/usr/lib --enable-nls --enable-bootstrap --enable-clocale=gnu --enable-libstdcxx-debug --enable-libstdcxx-time=yes --with-default-libstdcxx-abi=new --enable-gnu-unique-object --disable-libquadmath --disable-libquadmath-support --enable-plugin --enable-default-pie --with-system-zlib --enable-multiarch --enable-fix-cortex-a53-843419 --disable-werror --enable-checking=release --build=aarch64-linux-gnu --host=aarch64-linux-gnu --target=aarch64-linux-gnu]
  ignore line: [Thread model: posix]
  ignore line: [gcc version 7.5.0 (Ubuntu/Linaro 7.5.0-3ubuntu1~18.04) ]
  ignore line: [COLLECT_GCC_OPTIONS='-E' '-D' '__CUDACC__' '-D' '__NVCC__' '-v' '-I' '/usr/local/cuda-10.2/bin/../targets/aarch64-linux/include' '-D' '__CUDACC_VER_MAJOR__=10' '-D' '__CUDACC_VER_MINOR__=2' '-D' '__CUDACC_VER_BUILD__=89' '-include' 'cuda_runtime.h' '-o' '/tmp/tmpxft_0000325e_00000000-4_CMakeCUDACompilerABI.cpp4.ii' '-mlittle-endian' '-mabi=lp64']
  ignore line: [ /usr/lib/gcc/aarch64-linux-gnu/7/cc1plus -E -quiet -v -I /usr/local/cuda-10.2/bin/../targets/aarch64-linux/include -imultiarch aarch64-linux-gnu -D_GNU_SOURCE -D __CUDACC__ -D __NVCC__ -D __CUDACC_VER_MAJOR__=10 -D __CUDACC_VER_MINOR__=2 -D __CUDACC_VER_BUILD__=89 -include cuda_runtime.h /usr/local/share/cmake-3.20/Modules/CMakeCUDACompilerABI.cu -o /tmp/tmpxft_0000325e_00000000-4_CMakeCUDACompilerABI.cpp4.ii -mlittle-endian -mabi=lp64 -fstack-protector-strong -Wformat -Wformat-security]
  ignore line: [ignoring duplicate directory "/usr/include/aarch64-linux-gnu/c++/7"]
  ignore line: [ignoring nonexistent directory "/usr/local/include/aarch64-linux-gnu"]
  ignore line: [ignoring nonexistent directory "/usr/lib/gcc/aarch64-linux-gnu/7/../../../../aarch64-linux-gnu/include"]
  ignore line: [#include "..." search starts here:]
  ignore line: [#include <...> search starts here:]
  ignore line: [ /usr/local/cuda-10.2/bin/../targets/aarch64-linux/include]
  ignore line: [ /usr/include/c++/7]
  ignore line: [ /usr/include/aarch64-linux-gnu/c++/7]
  ignore line: [ /usr/include/c++/7/backward]
  ignore line: [ /usr/lib/gcc/aarch64-linux-gnu/7/include]
  ignore line: [ /usr/local/include]
  ignore line: [ /usr/lib/gcc/aarch64-linux-gnu/7/include-fixed]
  ignore line: [ /usr/include/aarch64-linux-gnu]
  ignore line: [ /usr/include]
  ignore line: [End of search list.]
  ignore line: [COMPILER_PATH=/usr/lib/gcc/aarch64-linux-gnu/7/:/usr/lib/gcc/aarch64-linux-gnu/7/:/usr/lib/gcc/aarch64-linux-gnu/:/usr/lib/gcc/aarch64-linux-gnu/7/:/usr/lib/gcc/aarch64-linux-gnu/]
  ignore line: [LIBRARY_PATH=/usr/lib/gcc/aarch64-linux-gnu/7/:/usr/lib/gcc/aarch64-linux-gnu/7/../../../aarch64-linux-gnu/:/usr/lib/gcc/aarch64-linux-gnu/7/../../../../lib/:/lib/aarch64-linux-gnu/:/lib/../lib/:/usr/lib/aarch64-linux-gnu/:/usr/lib/../lib/:/usr/lib/gcc/aarch64-linux-gnu/7/../../../:/lib/:/usr/lib/]
  ignore line: [COLLECT_GCC_OPTIONS='-E' '-D' '__CUDACC__' '-D' '__NVCC__' '-v' '-I' '/usr/local/cuda-10.2/bin/../targets/aarch64-linux/include' '-D' '__CUDACC_VER_MAJOR__=10' '-D' '__CUDACC_VER_MINOR__=2' '-D' '__CUDACC_VER_BUILD__=89' '-include' 'cuda_runtime.h' '-o' '/tmp/tmpxft_0000325e_00000000-4_CMakeCUDACompilerABI.cpp4.ii' '-mlittle-endian' '-mabi=lp64']
  ignore line: [Using built-in specs.]
  ignore line: [COLLECT_GCC=gcc]
  ignore line: [Target: aarch64-linux-gnu]
  ignore line: [Configured with: ../src/configure -v --with-pkgversion='Ubuntu/Linaro 7.5.0-3ubuntu1~18.04' --with-bugurl=file:///usr/share/doc/gcc-7/README.Bugs --enable-languages=c ada c++ go d fortran objc obj-c++ --prefix=/usr --with-gcc-major-version-only --program-suffix=-7 --program-prefix=aarch64-linux-gnu- --enable-shared --enable-linker-build-id --libexecdir=/usr/lib --without-included-gettext --enable-threads=posix --libdir=/usr/lib --enable-nls --enable-bootstrap --enable-clocale=gnu --enable-libstdcxx-debug --enable-libstdcxx-time=yes --with-default-libstdcxx-abi=new --enable-gnu-unique-object --disable-libquadmath --disable-libquadmath-support --enable-plugin --enable-default-pie --with-system-zlib --enable-multiarch --enable-fix-cortex-a53-843419 --disable-werror --enable-checking=release --build=aarch64-linux-gnu --host=aarch64-linux-gnu --target=aarch64-linux-gnu]
  ignore line: [Thread model: posix]
  ignore line: [gcc version 7.5.0 (Ubuntu/Linaro 7.5.0-3ubuntu1~18.04) ]
  ignore line: [COLLECT_GCC_OPTIONS='-D' '__CUDA_ARCH__=300' '-c' '-D' 'CUDA_DOUBLE_MATH_FUNCTIONS' '-v' '-I' '/usr/local/cuda-10.2/bin/../targets/aarch64-linux/include' '-o' 'CMakeFiles/cmTC_49cbf.dir/CMakeCUDACompilerABI.cu.o' '-mlittle-endian' '-mabi=lp64']
  ignore line: [ /usr/lib/gcc/aarch64-linux-gnu/7/cc1plus -quiet -v -I /usr/local/cuda-10.2/bin/../targets/aarch64-linux/include -imultiarch aarch64-linux-gnu -D_GNU_SOURCE -D __CUDA_ARCH__=300 -D CUDA_DOUBLE_MATH_FUNCTIONS /tmp/tmpxft_0000325e_00000000-5_CMakeCUDACompilerABI.cudafe1.cpp -quiet -dumpbase tmpxft_0000325e_00000000-5_CMakeCUDACompilerABI.cudafe1.cpp -mlittle-endian -mabi=lp64 -auxbase-strip CMakeFiles/cmTC_49cbf.dir/CMakeCUDACompilerABI.cu.o -version -fstack-protector-strong -Wformat -Wformat-security -o /tmp/ccu7LL3Y.s]
  ignore line: [GNU C++14 (Ubuntu/Linaro 7.5.0-3ubuntu1~18.04) version 7.5.0 (aarch64-linux-gnu)]
  ignore line: [	compiled by GNU C version 7.5.0  GMP version 6.1.2  MPFR version 4.0.1  MPC version 1.1.0  isl version isl-0.19-GMP]
  ignore line: []
  ignore line: [GGC heuristics: --param ggc-min-expand=100 --param ggc-min-heapsize=131072]
  ignore line: [ignoring duplicate directory "/usr/include/aarch64-linux-gnu/c++/7"]
  ignore line: [ignoring nonexistent directory "/usr/local/include/aarch64-linux-gnu"]
  ignore line: [ignoring nonexistent directory "/usr/lib/gcc/aarch64-linux-gnu/7/../../../../aarch64-linux-gnu/include"]
  ignore line: [#include "..." search starts here:]
  ignore line: [#include <...> search starts here:]
  ignore line: [ /usr/local/cuda-10.2/bin/../targets/aarch64-linux/include]
  ignore line: [ /usr/include/c++/7]
  ignore line: [ /usr/include/aarch64-linux-gnu/c++/7]
  ignore line: [ /usr/include/c++/7/backward]
  ignore line: [ /usr/lib/gcc/aarch64-linux-gnu/7/include]
  ignore line: [ /usr/local/include]
  ignore line: [ /usr/lib/gcc/aarch64-linux-gnu/7/include-fixed]
  ignore line: [ /usr/include/aarch64-linux-gnu]
  ignore line: [ /usr/include]
  ignore line: [End of search list.]
  ignore line: [GNU C++14 (Ubuntu/Linaro 7.5.0-3ubuntu1~18.04) version 7.5.0 (aarch64-linux-gnu)]
  ignore line: [	compiled by GNU C version 7.5.0  GMP version 6.1.2  MPFR version 4.0.1  MPC version 1.1.0  isl version isl-0.19-GMP]
  ignore line: []
  ignore line: [GGC heuristics: --param ggc-min-expand=100 --param ggc-min-heapsize=131072]
  ignore line: [Compiler executable checksum: 267235b6617dadf512d9def64c54895c]
  ignore line: [COLLECT_GCC_OPTIONS='-D' '__CUDA_ARCH__=300' '-c' '-D' 'CUDA_DOUBLE_MATH_FUNCTIONS' '-v' '-I' '/usr/local/cuda-10.2/bin/../targets/aarch64-linux/include' '-o' 'CMakeFiles/cmTC_49cbf.dir/CMakeCUDACompilerABI.cu.o' '-mlittle-endian' '-mabi=lp64']
  ignore line: [ as -v -I /usr/local/cuda-10.2/bin/../targets/aarch64-linux/include -EL -mabi=lp64 -o CMakeFiles/cmTC_49cbf.dir/CMakeCUDACompilerABI.cu.o /tmp/ccu7LL3Y.s]
  ignore line: [GNU assembler version 2.30 (aarch64-linux-gnu) using BFD version (GNU Binutils for Ubuntu) 2.30]
  ignore line: [COMPILER_PATH=/usr/lib/gcc/aarch64-linux-gnu/7/:/usr/lib/gcc/aarch64-linux-gnu/7/:/usr/lib/gcc/aarch64-linux-gnu/:/usr/lib/gcc/aarch64-linux-gnu/7/:/usr/lib/gcc/aarch64-linux-gnu/]
  ignore line: [LIBRARY_PATH=/usr/lib/gcc/aarch64-linux-gnu/7/:/usr/lib/gcc/aarch64-linux-gnu/7/../../../aarch64-linux-gnu/:/usr/lib/gcc/aarch64-linux-gnu/7/../../../../lib/:/lib/aarch64-linux-gnu/:/lib/../lib/:/usr/lib/aarch64-linux-gnu/:/usr/lib/../lib/:/usr/lib/gcc/aarch64-linux-gnu/7/../../../:/lib/:/usr/lib/]
  ignore line: [COLLECT_GCC_OPTIONS='-D' '__CUDA_ARCH__=300' '-c' '-D' 'CUDA_DOUBLE_MATH_FUNCTIONS' '-v' '-I' '/usr/local/cuda-10.2/bin/../targets/aarch64-linux/include' '-o' 'CMakeFiles/cmTC_49cbf.dir/CMakeCUDACompilerABI.cu.o' '-mlittle-endian' '-mabi=lp64']
  ignore line: [Linking CUDA executable cmTC_49cbf]
  ignore line: [/usr/local/bin/cmake -E cmake_link_script CMakeFiles/cmTC_49cbf.dir/link.txt --verbose=1]
  ignore line: [/usr/bin/g++  -v CMakeFiles/cmTC_49cbf.dir/CMakeCUDACompilerABI.cu.o -o cmTC_49cbf  -lcudadevrt -lcudart_static -lrt -lpthread -ldl  -L"/usr/local/cuda-10.2/targets/aarch64-linux/lib/stubs" -L"/usr/local/cuda-10.2/targets/aarch64-linux/lib"]
  ignore line: [Using built-in specs.]
  ignore line: [COLLECT_GCC=/usr/bin/g++]
  ignore line: [COLLECT_LTO_WRAPPER=/usr/lib/gcc/aarch64-linux-gnu/7/lto-wrapper]
  ignore line: [Target: aarch64-linux-gnu]
  ignore line: [Configured with: ../src/configure -v --with-pkgversion='Ubuntu/Linaro 7.5.0-3ubuntu1~18.04' --with-bugurl=file:///usr/share/doc/gcc-7/README.Bugs --enable-languages=c ada c++ go d fortran objc obj-c++ --prefix=/usr --with-gcc-major-version-only --program-suffix=-7 --program-prefix=aarch64-linux-gnu- --enable-shared --enable-linker-build-id --libexecdir=/usr/lib --without-included-gettext --enable-threads=posix --libdir=/usr/lib --enable-nls --enable-bootstrap --enable-clocale=gnu --enable-libstdcxx-debug --enable-libstdcxx-time=yes --with-default-libstdcxx-abi=new --enable-gnu-unique-object --disable-libquadmath --disable-libquadmath-support --enable-plugin --enable-default-pie --with-system-zlib --enable-multiarch --enable-fix-cortex-a53-843419 --disable-werror --enable-checking=release --build=aarch64-linux-gnu --host=aarch64-linux-gnu --target=aarch64-linux-gnu]
  ignore line: [Thread model: posix]
  ignore line: [gcc version 7.5.0 (Ubuntu/Linaro 7.5.0-3ubuntu1~18.04) ]
  ignore line: [COMPILER_PATH=/usr/lib/gcc/aarch64-linux-gnu/7/:/usr/lib/gcc/aarch64-linux-gnu/7/:/usr/lib/gcc/aarch64-linux-gnu/:/usr/lib/gcc/aarch64-linux-gnu/7/:/usr/lib/gcc/aarch64-linux-gnu/]
  ignore line: [LIBRARY_PATH=/usr/lib/gcc/aarch64-linux-gnu/7/:/usr/lib/gcc/aarch64-linux-gnu/7/../../../aarch64-linux-gnu/:/usr/lib/gcc/aarch64-linux-gnu/7/../../../../lib/:/lib/aarch64-linux-gnu/:/lib/../lib/:/usr/lib/aarch64-linux-gnu/:/usr/lib/../lib/:/usr/lib/gcc/aarch64-linux-gnu/7/../../../:/lib/:/usr/lib/]
  ignore line: [COLLECT_GCC_OPTIONS='-v' '-o' 'cmTC_49cbf' '-L/usr/local/cuda-10.2/targets/aarch64-linux/lib/stubs' '-L/usr/local/cuda-10.2/targets/aarch64-linux/lib' '-shared-libgcc' '-mlittle-endian' '-mabi=lp64']
  link line: [ /usr/lib/gcc/aarch64-linux-gnu/7/collect2 -plugin /usr/lib/gcc/aarch64-linux-gnu/7/liblto_plugin.so -plugin-opt=/usr/lib/gcc/aarch64-linux-gnu/7/lto-wrapper -plugin-opt=-fresolution=/tmp/ccDeQIfa.res -plugin-opt=-pass-through=-lgcc_s -plugin-opt=-pass-through=-lgcc -plugin-opt=-pass-through=-lc -plugin-opt=-pass-through=-lgcc_s -plugin-opt=-pass-through=-lgcc --build-id --eh-frame-hdr --hash-style=gnu --as-needed -dynamic-linker /lib/ld-linux-aarch64.so.1 -X -EL -maarch64linux --fix-cortex-a53-843419 -pie -z now -z relro -o cmTC_49cbf /usr/lib/gcc/aarch64-linux-gnu/7/../../../aarch64-linux-gnu/Scrt1.o /usr/lib/gcc/aarch64-linux-gnu/7/../../../aarch64-linux-gnu/crti.o /usr/lib/gcc/aarch64-linux-gnu/7/crtbeginS.o -L/usr/local/cuda-10.2/targets/aarch64-linux/lib/stubs -L/usr/local/cuda-10.2/targets/aarch64-linux/lib -L/usr/lib/gcc/aarch64-linux-gnu/7 -L/usr/lib/gcc/aarch64-linux-gnu/7/../../../aarch64-linux-gnu -L/usr/lib/gcc/aarch64-linux-gnu/7/../../../../lib -L/lib/aarch64-linux-gnu -L/lib/../lib -L/usr/lib/aarch64-linux-gnu -L/usr/lib/../lib -L/usr/lib/gcc/aarch64-linux-gnu/7/../../.. CMakeFiles/cmTC_49cbf.dir/CMakeCUDACompilerABI.cu.o -lcudadevrt -lcudart_static -lrt -lpthread -ldl -lstdc++ -lm -lgcc_s -lgcc -lc -lgcc_s -lgcc /usr/lib/gcc/aarch64-linux-gnu/7/crtendS.o /usr/lib/gcc/aarch64-linux-gnu/7/../../../aarch64-linux-gnu/crtn.o]
    arg [/usr/lib/gcc/aarch64-linux-gnu/7/collect2] ==> ignore
    arg [-plugin] ==> ignore
    arg [/usr/lib/gcc/aarch64-linux-gnu/7/liblto_plugin.so] ==> ignore
    arg [-plugin-opt=/usr/lib/gcc/aarch64-linux-gnu/7/lto-wrapper] ==> ignore
    arg [-plugin-opt=-fresolution=/tmp/ccDeQIfa.res] ==> ignore
    arg [-plugin-opt=-pass-through=-lgcc_s] ==> ignore
    arg [-plugin-opt=-pass-through=-lgcc] ==> ignore
    arg [-plugin-opt=-pass-through=-lc] ==> ignore
    arg [-plugin-opt=-pass-through=-lgcc_s] ==> ignore
    arg [-plugin-opt=-pass-through=-lgcc] ==> ignore
    arg [--build-id] ==> ignore
    arg [--eh-frame-hdr] ==> ignore
    arg [--hash-style=gnu] ==> ignore
    arg [--as-needed] ==> ignore
    arg [-dynamic-linker] ==> ignore
    arg [/lib/ld-linux-aarch64.so.1] ==> ignore
    arg [-X] ==> ignore
    arg [-EL] ==> ignore
    arg [-maarch64linux] ==> ignore
    arg [--fix-cortex-a53-843419] ==> ignore
    arg [-pie] ==> ignore
    arg [-znow] ==> ignore
    arg [-zrelro] ==> ignore
    arg [-o] ==> ignore
    arg [cmTC_49cbf] ==> ignore
    arg [/usr/lib/gcc/aarch64-linux-gnu/7/../../../aarch64-linux-gnu/Scrt1.o] ==> obj [/usr/lib/gcc/aarch64-linux-gnu/7/../../../aarch64-linux-gnu/Scrt1.o]
    arg [/usr/lib/gcc/aarch64-linux-gnu/7/../../../aarch64-linux-gnu/crti.o] ==> obj [/usr/lib/gcc/aarch64-linux-gnu/7/../../../aarch64-linux-gnu/crti.o]
    arg [/usr/lib/gcc/aarch64-linux-gnu/7/crtbeginS.o] ==> obj [/usr/lib/gcc/aarch64-linux-gnu/7/crtbeginS.o]
    arg [-L/usr/local/cuda-10.2/targets/aarch64-linux/lib/stubs] ==> dir [/usr/local/cuda-10.2/targets/aarch64-linux/lib/stubs]
    arg [-L/usr/local/cuda-10.2/targets/aarch64-linux/lib] ==> dir [/usr/local/cuda-10.2/targets/aarch64-linux/lib]
    arg [-L/usr/lib/gcc/aarch64-linux-gnu/7] ==> dir [/usr/lib/gcc/aarch64-linux-gnu/7]
    arg [-L/usr/lib/gcc/aarch64-linux-gnu/7/../../../aarch64-linux-gnu] ==> dir [/usr/lib/gcc/aarch64-linux-gnu/7/../../../aarch64-linux-gnu]
    arg [-L/usr/lib/gcc/aarch64-linux-gnu/7/../../../../lib] ==> dir [/usr/lib/gcc/aarch64-linux-gnu/7/../../../../lib]
    arg [-L/lib/aarch64-linux-gnu] ==> dir [/lib/aarch64-linux-gnu]
    arg [-L/lib/../lib] ==> dir [/lib/../lib]
    arg [-L/usr/lib/aarch64-linux-gnu] ==> dir [/usr/lib/aarch64-linux-gnu]
    arg [-L/usr/lib/../lib] ==> dir [/usr/lib/../lib]
    arg [-L/usr/lib/gcc/aarch64-linux-gnu/7/../../..] ==> dir [/usr/lib/gcc/aarch64-linux-gnu/7/../../..]
    arg [CMakeFiles/cmTC_49cbf.dir/CMakeCUDACompilerABI.cu.o] ==> ignore
    arg [-lcudadevrt] ==> lib [cudadevrt]
    arg [-lcudart_static] ==> lib [cudart_static]
    arg [-lrt] ==> lib [rt]
    arg [-lpthread] ==> lib [pthread]
    arg [-ldl] ==> lib [dl]
    arg [-lstdc++] ==> lib [stdc++]
    arg [-lm] ==> lib [m]
    arg [-lgcc_s] ==> lib [gcc_s]
    arg [-lgcc] ==> lib [gcc]
    arg [-lc] ==> lib [c]
    arg [-lgcc_s] ==> lib [gcc_s]
    arg [-lgcc] ==> lib [gcc]
    arg [/usr/lib/gcc/aarch64-linux-gnu/7/crtendS.o] ==> obj [/usr/lib/gcc/aarch64-linux-gnu/7/crtendS.o]
    arg [/usr/lib/gcc/aarch64-linux-gnu/7/../../../aarch64-linux-gnu/crtn.o] ==> obj [/usr/lib/gcc/aarch64-linux-gnu/7/../../../aarch64-linux-gnu/crtn.o]
  collapse obj [/usr/lib/gcc/aarch64-linux-gnu/7/../../../aarch64-linux-gnu/Scrt1.o] ==> [/usr/lib/aarch64-linux-gnu/Scrt1.o]
  collapse obj [/usr/lib/gcc/aarch64-linux-gnu/7/../../../aarch64-linux-gnu/crti.o] ==> [/usr/lib/aarch64-linux-gnu/crti.o]
  collapse obj [/usr/lib/gcc/aarch64-linux-gnu/7/../../../aarch64-linux-gnu/crtn.o] ==> [/usr/lib/aarch64-linux-gnu/crtn.o]
  collapse library dir [/usr/local/cuda-10.2/targets/aarch64-linux/lib/stubs] ==> [/usr/local/cuda-10.2/targets/aarch64-linux/lib/stubs]
  collapse library dir [/usr/local/cuda-10.2/targets/aarch64-linux/lib] ==> [/usr/local/cuda-10.2/targets/aarch64-linux/lib]
  collapse library dir [/usr/lib/gcc/aarch64-linux-gnu/7] ==> [/usr/lib/gcc/aarch64-linux-gnu/7]
  collapse library dir [/usr/lib/gcc/aarch64-linux-gnu/7/../../../aarch64-linux-gnu] ==> [/usr/lib/aarch64-linux-gnu]
  collapse library dir [/usr/lib/gcc/aarch64-linux-gnu/7/../../../../lib] ==> [/usr/lib]
  collapse library dir [/lib/aarch64-linux-gnu] ==> [/lib/aarch64-linux-gnu]
  collapse library dir [/lib/../lib] ==> [/lib]
  collapse library dir [/usr/lib/aarch64-linux-gnu] ==> [/usr/lib/aarch64-linux-gnu]
  collapse library dir [/usr/lib/../lib] ==> [/usr/lib]
  collapse library dir [/usr/lib/gcc/aarch64-linux-gnu/7/../../..] ==> [/usr/lib]
  implicit libs: [cudadevrt;cudart_static;rt;pthread;dl;stdc++;m;gcc_s;gcc;c;gcc_s;gcc]
  implicit objs: [/usr/lib/aarch64-linux-gnu/Scrt1.o;/usr/lib/aarch64-linux-gnu/crti.o;/usr/lib/gcc/aarch64-linux-gnu/7/crtbeginS.o;/usr/lib/gcc/aarch64-linux-gnu/7/crtendS.o;/usr/lib/aarch64-linux-gnu/crtn.o]
  implicit dirs: [/usr/local/cuda-10.2/targets/aarch64-linux/lib/stubs;/usr/local/cuda-10.2/targets/aarch64-linux/lib;/usr/lib/gcc/aarch64-linux-gnu/7;/usr/lib/aarch64-linux-gnu;/usr/lib;/lib/aarch64-linux-gnu;/lib]
  implicit fwks: []


Compiling the C compiler identification source file "CMakeCCompilerId.c" succeeded.
Compiler: /usr/bin/cc 
Build flags: 
Id flags:  

The output was:
0


Compilation of the C compiler identification source "CMakeCCompilerId.c" produced "a.out"

The C compiler identification is GNU, found in "/home/ubuntu/github/cutlass/build/CMakeFiles/3.20.2/CompilerIdC/a.out"

Detecting C compiler ABI info compiled with the following output:
Change Dir: /home/ubuntu/github/cutlass/build/CMakeFiles/CMakeTmp

Run Build Command(s):/usr/bin/make -f Makefile cmTC_65f1c/fast && /usr/bin/make  -f CMakeFiles/cmTC_65f1c.dir/build.make CMakeFiles/cmTC_65f1c.dir/build
make[1]: Entering directory '/home/ubuntu/github/cutlass/build/CMakeFiles/CMakeTmp'
Building C object CMakeFiles/cmTC_65f1c.dir/CMakeCCompilerABI.c.o
/usr/bin/cc   -v -o CMakeFiles/cmTC_65f1c.dir/CMakeCCompilerABI.c.o -c /usr/local/share/cmake-3.20/Modules/CMakeCCompilerABI.c
Using built-in specs.
COLLECT_GCC=/usr/bin/cc
Target: aarch64-linux-gnu
Configured with: ../src/configure -v --with-pkgversion='Ubuntu/Linaro 7.5.0-3ubuntu1~18.04' --with-bugurl=file:///usr/share/doc/gcc-7/README.Bugs --enable-languages=c,ada,c++,go,d,fortran,objc,obj-c++ --prefix=/usr --with-gcc-major-version-only --program-suffix=-7 --program-prefix=aarch64-linux-gnu- --enable-shared --enable-linker-build-id --libexecdir=/usr/lib --without-included-gettext --enable-threads=posix --libdir=/usr/lib --enable-nls --enable-bootstrap --enable-clocale=gnu --enable-libstdcxx-debug --enable-libstdcxx-time=yes --with-default-libstdcxx-abi=new --enable-gnu-unique-object --disable-libquadmath --disable-libquadmath-support --enable-plugin --enable-default-pie --with-system-zlib --enable-multiarch --enable-fix-cortex-a53-843419 --disable-werror --enable-checking=release --build=aarch64-linux-gnu --host=aarch64-linux-gnu --target=aarch64-linux-gnu
Thread model: posix
gcc version 7.5.0 (Ubuntu/Linaro 7.5.0-3ubuntu1~18.04) 
COLLECT_GCC_OPTIONS='-v' '-o' 'CMakeFiles/cmTC_65f1c.dir/CMakeCCompilerABI.c.o' '-c' '-mlittle-endian' '-mabi=lp64'
 /usr/lib/gcc/aarch64-linux-gnu/7/cc1 -quiet -v -imultiarch aarch64-linux-gnu /usr/local/share/cmake-3.20/Modules/CMakeCCompilerABI.c -quiet -dumpbase CMakeCCompilerABI.c -mlittle-endian -mabi=lp64 -auxbase-strip CMakeFiles/cmTC_65f1c.dir/CMakeCCompilerABI.c.o -version -fstack-protector-strong -Wformat -Wformat-security -o /tmp/cca8rMhm.s
GNU C11 (Ubuntu/Linaro 7.5.0-3ubuntu1~18.04) version 7.5.0 (aarch64-linux-gnu)
	compiled by GNU C version 7.5.0, GMP version 6.1.2, MPFR version 4.0.1, MPC version 1.1.0, isl version isl-0.19-GMP

GGC heuristics: --param ggc-min-expand=100 --param ggc-min-heapsize=131072
ignoring nonexistent directory "/usr/local/include/aarch64-linux-gnu"
ignoring nonexistent directory "/usr/lib/gcc/aarch64-linux-gnu/7/../../../../aarch64-linux-gnu/include"
#include "..." search starts here:
#include <...> search starts here:
 /usr/lib/gcc/aarch64-linux-gnu/7/include
 /usr/local/include
 /usr/lib/gcc/aarch64-linux-gnu/7/include-fixed
 /usr/include/aarch64-linux-gnu
 /usr/include
End of search list.
GNU C11 (Ubuntu/Linaro 7.5.0-3ubuntu1~18.04) version 7.5.0 (aarch64-linux-gnu)
	compiled by GNU C version 7.5.0, GMP version 6.1.2, MPFR version 4.0.1, MPC version 1.1.0, isl version isl-0.19-GMP

GGC heuristics: --param ggc-min-expand=100 --param ggc-min-heapsize=131072
Compiler executable checksum: c19fc5c64e59a2c8da3d8cc8208e4481
COLLECT_GCC_OPTIONS='-v' '-o' 'CMakeFiles/cmTC_65f1c.dir/CMakeCCompilerABI.c.o' '-c' '-mlittle-endian' '-mabi=lp64'
 as -v -EL -mabi=lp64 -o CMakeFiles/cmTC_65f1c.dir/CMakeCCompilerABI.c.o /tmp/cca8rMhm.s
GNU assembler version 2.30 (aarch64-linux-gnu) using BFD version (GNU Binutils for Ubuntu) 2.30
COMPILER_PATH=/usr/lib/gcc/aarch64-linux-gnu/7/:/usr/lib/gcc/aarch64-linux-gnu/7/:/usr/lib/gcc/aarch64-linux-gnu/:/usr/lib/gcc/aarch64-linux-gnu/7/:/usr/lib/gcc/aarch64-linux-gnu/
LIBRARY_PATH=/usr/lib/gcc/aarch64-linux-gnu/7/:/usr/lib/gcc/aarch64-linux-gnu/7/../../../aarch64-linux-gnu/:/usr/lib/gcc/aarch64-linux-gnu/7/../../../../lib/:/lib/aarch64-linux-gnu/:/lib/../lib/:/usr/lib/aarch64-linux-gnu/:/usr/lib/../lib/:/usr/lib/gcc/aarch64-linux-gnu/7/../../../:/lib/:/usr/lib/
COLLECT_GCC_OPTIONS='-v' '-o' 'CMakeFiles/cmTC_65f1c.dir/CMakeCCompilerABI.c.o' '-c' '-mlittle-endian' '-mabi=lp64'
Linking C executable cmTC_65f1c
/usr/local/bin/cmake -E cmake_link_script CMakeFiles/cmTC_65f1c.dir/link.txt --verbose=1
/usr/bin/cc  -v -rdynamic CMakeFiles/cmTC_65f1c.dir/CMakeCCompilerABI.c.o -o cmTC_65f1c 
Using built-in specs.
COLLECT_GCC=/usr/bin/cc
COLLECT_LTO_WRAPPER=/usr/lib/gcc/aarch64-linux-gnu/7/lto-wrapper
Target: aarch64-linux-gnu
Configured with: ../src/configure -v --with-pkgversion='Ubuntu/Linaro 7.5.0-3ubuntu1~18.04' --with-bugurl=file:///usr/share/doc/gcc-7/README.Bugs --enable-languages=c,ada,c++,go,d,fortran,objc,obj-c++ --prefix=/usr --with-gcc-major-version-only --program-suffix=-7 --program-prefix=aarch64-linux-gnu- --enable-shared --enable-linker-build-id --libexecdir=/usr/lib --without-included-gettext --enable-threads=posix --libdir=/usr/lib --enable-nls --enable-bootstrap --enable-clocale=gnu --enable-libstdcxx-debug --enable-libstdcxx-time=yes --with-default-libstdcxx-abi=new --enable-gnu-unique-object --disable-libquadmath --disable-libquadmath-support --enable-plugin --enable-default-pie --with-system-zlib --enable-multiarch --enable-fix-cortex-a53-843419 --disable-werror --enable-checking=release --build=aarch64-linux-gnu --host=aarch64-linux-gnu --target=aarch64-linux-gnu
Thread model: posix
gcc version 7.5.0 (Ubuntu/Linaro 7.5.0-3ubuntu1~18.04) 
COMPILER_PATH=/usr/lib/gcc/aarch64-linux-gnu/7/:/usr/lib/gcc/aarch64-linux-gnu/7/:/usr/lib/gcc/aarch64-linux-gnu/:/usr/lib/gcc/aarch64-linux-gnu/7/:/usr/lib/gcc/aarch64-linux-gnu/
LIBRARY_PATH=/usr/lib/gcc/aarch64-linux-gnu/7/:/usr/lib/gcc/aarch64-linux-gnu/7/../../../aarch64-linux-gnu/:/usr/lib/gcc/aarch64-linux-gnu/7/../../../../lib/:/lib/aarch64-linux-gnu/:/lib/../lib/:/usr/lib/aarch64-linux-gnu/:/usr/lib/../lib/:/usr/lib/gcc/aarch64-linux-gnu/7/../../../:/lib/:/usr/lib/
COLLECT_GCC_OPTIONS='-v' '-rdynamic' '-o' 'cmTC_65f1c' '-mlittle-endian' '-mabi=lp64'
 /usr/lib/gcc/aarch64-linux-gnu/7/collect2 -plugin /usr/lib/gcc/aarch64-linux-gnu/7/liblto_plugin.so -plugin-opt=/usr/lib/gcc/aarch64-linux-gnu/7/lto-wrapper -plugin-opt=-fresolution=/tmp/ccCB2b0q.res -plugin-opt=-pass-through=-lgcc -plugin-opt=-pass-through=-lgcc_s -plugin-opt=-pass-through=-lc -plugin-opt=-pass-through=-lgcc -plugin-opt=-pass-through=-lgcc_s --build-id --eh-frame-hdr --hash-style=gnu --as-needed -export-dynamic -dynamic-linker /lib/ld-linux-aarch64.so.1 -X -EL -maarch64linux --fix-cortex-a53-843419 -pie -z now -z relro -o cmTC_65f1c /usr/lib/gcc/aarch64-linux-gnu/7/../../../aarch64-linux-gnu/Scrt1.o /usr/lib/gcc/aarch64-linux-gnu/7/../../../aarch64-linux-gnu/crti.o /usr/lib/gcc/aarch64-linux-gnu/7/crtbeginS.o -L/usr/lib/gcc/aarch64-linux-gnu/7 -L/usr/lib/gcc/aarch64-linux-gnu/7/../../../aarch64-linux-gnu -L/usr/lib/gcc/aarch64-linux-gnu/7/../../../../lib -L/lib/aarch64-linux-gnu -L/lib/../lib -L/usr/lib/aarch64-linux-gnu -L/usr/lib/../lib -L/usr/lib/gcc/aarch64-linux-gnu/7/../../.. CMakeFiles/cmTC_65f1c.dir/CMakeCCompilerABI.c.o -lgcc --push-state --as-needed -lgcc_s --pop-state -lc -lgcc --push-state --as-needed -lgcc_s --pop-state /usr/lib/gcc/aarch64-linux-gnu/7/crtendS.o /usr/lib/gcc/aarch64-linux-gnu/7/../../../aarch64-linux-gnu/crtn.o
COLLECT_GCC_OPTIONS='-v' '-rdynamic' '-o' 'cmTC_65f1c' '-mlittle-endian' '-mabi=lp64'
make[1]: Leaving directory '/home/ubuntu/github/cutlass/build/CMakeFiles/CMakeTmp'



Parsed C implicit include dir info from above output: rv=done
  found start of include info
  found start of implicit include info
    add: [/usr/lib/gcc/aarch64-linux-gnu/7/include]
    add: [/usr/local/include]
    add: [/usr/lib/gcc/aarch64-linux-gnu/7/include-fixed]
    add: [/usr/include/aarch64-linux-gnu]
    add: [/usr/include]
  end of search list found
  collapse include dir [/usr/lib/gcc/aarch64-linux-gnu/7/include] ==> [/usr/lib/gcc/aarch64-linux-gnu/7/include]
  collapse include dir [/usr/local/include] ==> [/usr/local/include]
  collapse include dir [/usr/lib/gcc/aarch64-linux-gnu/7/include-fixed] ==> [/usr/lib/gcc/aarch64-linux-gnu/7/include-fixed]
  collapse include dir [/usr/include/aarch64-linux-gnu] ==> [/usr/include/aarch64-linux-gnu]
  collapse include dir [/usr/include] ==> [/usr/include]
  implicit include dirs: [/usr/lib/gcc/aarch64-linux-gnu/7/include;/usr/local/include;/usr/lib/gcc/aarch64-linux-gnu/7/include-fixed;/usr/include/aarch64-linux-gnu;/usr/include]


Parsed C implicit link information from above output:
  link line regex: [^( *|.*[/\])(ld|CMAKE_LINK_STARTFILE-NOTFOUND|([^/\]+-)?ld|collect2)[^/\]*( |$)]
  ignore line: [Change Dir: /home/ubuntu/github/cutlass/build/CMakeFiles/CMakeTmp]
  ignore line: []
  ignore line: [Run Build Command(s):/usr/bin/make -f Makefile cmTC_65f1c/fast && /usr/bin/make  -f CMakeFiles/cmTC_65f1c.dir/build.make CMakeFiles/cmTC_65f1c.dir/build]
  ignore line: [make[1]: Entering directory '/home/ubuntu/github/cutlass/build/CMakeFiles/CMakeTmp']
  ignore line: [Building C object CMakeFiles/cmTC_65f1c.dir/CMakeCCompilerABI.c.o]
  ignore line: [/usr/bin/cc   -v -o CMakeFiles/cmTC_65f1c.dir/CMakeCCompilerABI.c.o -c /usr/local/share/cmake-3.20/Modules/CMakeCCompilerABI.c]
  ignore line: [Using built-in specs.]
  ignore line: [COLLECT_GCC=/usr/bin/cc]
  ignore line: [Target: aarch64-linux-gnu]
  ignore line: [Configured with: ../src/configure -v --with-pkgversion='Ubuntu/Linaro 7.5.0-3ubuntu1~18.04' --with-bugurl=file:///usr/share/doc/gcc-7/README.Bugs --enable-languages=c ada c++ go d fortran objc obj-c++ --prefix=/usr --with-gcc-major-version-only --program-suffix=-7 --program-prefix=aarch64-linux-gnu- --enable-shared --enable-linker-build-id --libexecdir=/usr/lib --without-included-gettext --enable-threads=posix --libdir=/usr/lib --enable-nls --enable-bootstrap --enable-clocale=gnu --enable-libstdcxx-debug --enable-libstdcxx-time=yes --with-default-libstdcxx-abi=new --enable-gnu-unique-object --disable-libquadmath --disable-libquadmath-support --enable-plugin --enable-default-pie --with-system-zlib --enable-multiarch --enable-fix-cortex-a53-843419 --disable-werror --enable-checking=release --build=aarch64-linux-gnu --host=aarch64-linux-gnu --target=aarch64-linux-gnu]
  ignore line: [Thread model: posix]
  ignore line: [gcc version 7.5.0 (Ubuntu/Linaro 7.5.0-3ubuntu1~18.04) ]
  ignore line: [COLLECT_GCC_OPTIONS='-v' '-o' 'CMakeFiles/cmTC_65f1c.dir/CMakeCCompilerABI.c.o' '-c' '-mlittle-endian' '-mabi=lp64']
  ignore line: [ /usr/lib/gcc/aarch64-linux-gnu/7/cc1 -quiet -v -imultiarch aarch64-linux-gnu /usr/local/share/cmake-3.20/Modules/CMakeCCompilerABI.c -quiet -dumpbase CMakeCCompilerABI.c -mlittle-endian -mabi=lp64 -auxbase-strip CMakeFiles/cmTC_65f1c.dir/CMakeCCompilerABI.c.o -version -fstack-protector-strong -Wformat -Wformat-security -o /tmp/cca8rMhm.s]
  ignore line: [GNU C11 (Ubuntu/Linaro 7.5.0-3ubuntu1~18.04) version 7.5.0 (aarch64-linux-gnu)]
  ignore line: [	compiled by GNU C version 7.5.0  GMP version 6.1.2  MPFR version 4.0.1  MPC version 1.1.0  isl version isl-0.19-GMP]
  ignore line: []
  ignore line: [GGC heuristics: --param ggc-min-expand=100 --param ggc-min-heapsize=131072]
  ignore line: [ignoring nonexistent directory "/usr/local/include/aarch64-linux-gnu"]
  ignore line: [ignoring nonexistent directory "/usr/lib/gcc/aarch64-linux-gnu/7/../../../../aarch64-linux-gnu/include"]
  ignore line: [#include "..." search starts here:]
  ignore line: [#include <...> search starts here:]
  ignore line: [ /usr/lib/gcc/aarch64-linux-gnu/7/include]
  ignore line: [ /usr/local/include]
  ignore line: [ /usr/lib/gcc/aarch64-linux-gnu/7/include-fixed]
  ignore line: [ /usr/include/aarch64-linux-gnu]
  ignore line: [ /usr/include]
  ignore line: [End of search list.]
  ignore line: [GNU C11 (Ubuntu/Linaro 7.5.0-3ubuntu1~18.04) version 7.5.0 (aarch64-linux-gnu)]
  ignore line: [	compiled by GNU C version 7.5.0  GMP version 6.1.2  MPFR version 4.0.1  MPC version 1.1.0  isl version isl-0.19-GMP]
  ignore line: []
  ignore line: [GGC heuristics: --param ggc-min-expand=100 --param ggc-min-heapsize=131072]
  ignore line: [Compiler executable checksum: c19fc5c64e59a2c8da3d8cc8208e4481]
  ignore line: [COLLECT_GCC_OPTIONS='-v' '-o' 'CMakeFiles/cmTC_65f1c.dir/CMakeCCompilerABI.c.o' '-c' '-mlittle-endian' '-mabi=lp64']
  ignore line: [ as -v -EL -mabi=lp64 -o CMakeFiles/cmTC_65f1c.dir/CMakeCCompilerABI.c.o /tmp/cca8rMhm.s]
  ignore line: [GNU assembler version 2.30 (aarch64-linux-gnu) using BFD version (GNU Binutils for Ubuntu) 2.30]
  ignore line: [COMPILER_PATH=/usr/lib/gcc/aarch64-linux-gnu/7/:/usr/lib/gcc/aarch64-linux-gnu/7/:/usr/lib/gcc/aarch64-linux-gnu/:/usr/lib/gcc/aarch64-linux-gnu/7/:/usr/lib/gcc/aarch64-linux-gnu/]
  ignore line: [LIBRARY_PATH=/usr/lib/gcc/aarch64-linux-gnu/7/:/usr/lib/gcc/aarch64-linux-gnu/7/../../../aarch64-linux-gnu/:/usr/lib/gcc/aarch64-linux-gnu/7/../../../../lib/:/lib/aarch64-linux-gnu/:/lib/../lib/:/usr/lib/aarch64-linux-gnu/:/usr/lib/../lib/:/usr/lib/gcc/aarch64-linux-gnu/7/../../../:/lib/:/usr/lib/]
  ignore line: [COLLECT_GCC_OPTIONS='-v' '-o' 'CMakeFiles/cmTC_65f1c.dir/CMakeCCompilerABI.c.o' '-c' '-mlittle-endian' '-mabi=lp64']
  ignore line: [Linking C executable cmTC_65f1c]
  ignore line: [/usr/local/bin/cmake -E cmake_link_script CMakeFiles/cmTC_65f1c.dir/link.txt --verbose=1]
  ignore line: [/usr/bin/cc  -v -rdynamic CMakeFiles/cmTC_65f1c.dir/CMakeCCompilerABI.c.o -o cmTC_65f1c ]
  ignore line: [Using built-in specs.]
  ignore line: [COLLECT_GCC=/usr/bin/cc]
  ignore line: [COLLECT_LTO_WRAPPER=/usr/lib/gcc/aarch64-linux-gnu/7/lto-wrapper]
  ignore line: [Target: aarch64-linux-gnu]
  ignore line: [Configured with: ../src/configure -v --with-pkgversion='Ubuntu/Linaro 7.5.0-3ubuntu1~18.04' --with-bugurl=file:///usr/share/doc/gcc-7/README.Bugs --enable-languages=c ada c++ go d fortran objc obj-c++ --prefix=/usr --with-gcc-major-version-only --program-suffix=-7 --program-prefix=aarch64-linux-gnu- --enable-shared --enable-linker-build-id --libexecdir=/usr/lib --without-included-gettext --enable-threads=posix --libdir=/usr/lib --enable-nls --enable-bootstrap --enable-clocale=gnu --enable-libstdcxx-debug --enable-libstdcxx-time=yes --with-default-libstdcxx-abi=new --enable-gnu-unique-object --disable-libquadmath --disable-libquadmath-support --enable-plugin --enable-default-pie --with-system-zlib --enable-multiarch --enable-fix-cortex-a53-843419 --disable-werror --enable-checking=release --build=aarch64-linux-gnu --host=aarch64-linux-gnu --target=aarch64-linux-gnu]
  ignore line: [Thread model: posix]
  ignore line: [gcc version 7.5.0 (Ubuntu/Linaro 7.5.0-3ubuntu1~18.04) ]
  ignore line: [COMPILER_PATH=/usr/lib/gcc/aarch64-linux-gnu/7/:/usr/lib/gcc/aarch64-linux-gnu/7/:/usr/lib/gcc/aarch64-linux-gnu/:/usr/lib/gcc/aarch64-linux-gnu/7/:/usr/lib/gcc/aarch64-linux-gnu/]
  ignore line: [LIBRARY_PATH=/usr/lib/gcc/aarch64-linux-gnu/7/:/usr/lib/gcc/aarch64-linux-gnu/7/../../../aarch64-linux-gnu/:/usr/lib/gcc/aarch64-linux-gnu/7/../../../../lib/:/lib/aarch64-linux-gnu/:/lib/../lib/:/usr/lib/aarch64-linux-gnu/:/usr/lib/../lib/:/usr/lib/gcc/aarch64-linux-gnu/7/../../../:/lib/:/usr/lib/]
  ignore line: [COLLECT_GCC_OPTIONS='-v' '-rdynamic' '-o' 'cmTC_65f1c' '-mlittle-endian' '-mabi=lp64']
  link line: [ /usr/lib/gcc/aarch64-linux-gnu/7/collect2 -plugin /usr/lib/gcc/aarch64-linux-gnu/7/liblto_plugin.so -plugin-opt=/usr/lib/gcc/aarch64-linux-gnu/7/lto-wrapper -plugin-opt=-fresolution=/tmp/ccCB2b0q.res -plugin-opt=-pass-through=-lgcc -plugin-opt=-pass-through=-lgcc_s -plugin-opt=-pass-through=-lc -plugin-opt=-pass-through=-lgcc -plugin-opt=-pass-through=-lgcc_s --build-id --eh-frame-hdr --hash-style=gnu --as-needed -export-dynamic -dynamic-linker /lib/ld-linux-aarch64.so.1 -X -EL -maarch64linux --fix-cortex-a53-843419 -pie -z now -z relro -o cmTC_65f1c /usr/lib/gcc/aarch64-linux-gnu/7/../../../aarch64-linux-gnu/Scrt1.o /usr/lib/gcc/aarch64-linux-gnu/7/../../../aarch64-linux-gnu/crti.o /usr/lib/gcc/aarch64-linux-gnu/7/crtbeginS.o -L/usr/lib/gcc/aarch64-linux-gnu/7 -L/usr/lib/gcc/aarch64-linux-gnu/7/../../../aarch64-linux-gnu -L/usr/lib/gcc/aarch64-linux-gnu/7/../../../../lib -L/lib/aarch64-linux-gnu -L/lib/../lib -L/usr/lib/aarch64-linux-gnu -L/usr/lib/../lib -L/usr/lib/gcc/aarch64-linux-gnu/7/../../.. CMakeFiles/cmTC_65f1c.dir/CMakeCCompilerABI.c.o -lgcc --push-state --as-needed -lgcc_s --pop-state -lc -lgcc --push-state --as-needed -lgcc_s --pop-state /usr/lib/gcc/aarch64-linux-gnu/7/crtendS.o /usr/lib/gcc/aarch64-linux-gnu/7/../../../aarch64-linux-gnu/crtn.o]
    arg [/usr/lib/gcc/aarch64-linux-gnu/7/collect2] ==> ignore
    arg [-plugin] ==> ignore
    arg [/usr/lib/gcc/aarch64-linux-gnu/7/liblto_plugin.so] ==> ignore
    arg [-plugin-opt=/usr/lib/gcc/aarch64-linux-gnu/7/lto-wrapper] ==> ignore
    arg [-plugin-opt=-fresolution=/tmp/ccCB2b0q.res] ==> ignore
    arg [-plugin-opt=-pass-through=-lgcc] ==> ignore
    arg [-plugin-opt=-pass-through=-lgcc_s] ==> ignore
    arg [-plugin-opt=-pass-through=-lc] ==> ignore
    arg [-plugin-opt=-pass-through=-lgcc] ==> ignore
    arg [-plugin-opt=-pass-through=-lgcc_s] ==> ignore
    arg [--build-id] ==> ignore
    arg [--eh-frame-hdr] ==> ignore
    arg [--hash-style=gnu] ==> ignore
    arg [--as-needed] ==> ignore
    arg [-export-dynamic] ==> ignore
    arg [-dynamic-linker] ==> ignore
    arg [/lib/ld-linux-aarch64.so.1] ==> ignore
    arg [-X] ==> ignore
    arg [-EL] ==> ignore
    arg [-maarch64linux] ==> ignore
    arg [--fix-cortex-a53-843419] ==> ignore
    arg [-pie] ==> ignore
    arg [-znow] ==> ignore
    arg [-zrelro] ==> ignore
    arg [-o] ==> ignore
    arg [cmTC_65f1c] ==> ignore
    arg [/usr/lib/gcc/aarch64-linux-gnu/7/../../../aarch64-linux-gnu/Scrt1.o] ==> obj [/usr/lib/gcc/aarch64-linux-gnu/7/../../../aarch64-linux-gnu/Scrt1.o]
    arg [/usr/lib/gcc/aarch64-linux-gnu/7/../../../aarch64-linux-gnu/crti.o] ==> obj [/usr/lib/gcc/aarch64-linux-gnu/7/../../../aarch64-linux-gnu/crti.o]
    arg [/usr/lib/gcc/aarch64-linux-gnu/7/crtbeginS.o] ==> obj [/usr/lib/gcc/aarch64-linux-gnu/7/crtbeginS.o]
    arg [-L/usr/lib/gcc/aarch64-linux-gnu/7] ==> dir [/usr/lib/gcc/aarch64-linux-gnu/7]
    arg [-L/usr/lib/gcc/aarch64-linux-gnu/7/../../../aarch64-linux-gnu] ==> dir [/usr/lib/gcc/aarch64-linux-gnu/7/../../../aarch64-linux-gnu]
    arg [-L/usr/lib/gcc/aarch64-linux-gnu/7/../../../../lib] ==> dir [/usr/lib/gcc/aarch64-linux-gnu/7/../../../../lib]
    arg [-L/lib/aarch64-linux-gnu] ==> dir [/lib/aarch64-linux-gnu]
    arg [-L/lib/../lib] ==> dir [/lib/../lib]
    arg [-L/usr/lib/aarch64-linux-gnu] ==> dir [/usr/lib/aarch64-linux-gnu]
    arg [-L/usr/lib/../lib] ==> dir [/usr/lib/../lib]
    arg [-L/usr/lib/gcc/aarch64-linux-gnu/7/../../..] ==> dir [/usr/lib/gcc/aarch64-linux-gnu/7/../../..]
    arg [CMakeFiles/cmTC_65f1c.dir/CMakeCCompilerABI.c.o] ==> ignore
    arg [-lgcc] ==> lib [gcc]
    arg [--push-state] ==> ignore
    arg [--as-needed] ==> ignore
    arg [-lgcc_s] ==> lib [gcc_s]
    arg [--pop-state] ==> ignore
    arg [-lc] ==> lib [c]
    arg [-lgcc] ==> lib [gcc]
    arg [--push-state] ==> ignore
    arg [--as-needed] ==> ignore
    arg [-lgcc_s] ==> lib [gcc_s]
    arg [--pop-state] ==> ignore
    arg [/usr/lib/gcc/aarch64-linux-gnu/7/crtendS.o] ==> obj [/usr/lib/gcc/aarch64-linux-gnu/7/crtendS.o]
    arg [/usr/lib/gcc/aarch64-linux-gnu/7/../../../aarch64-linux-gnu/crtn.o] ==> obj [/usr/lib/gcc/aarch64-linux-gnu/7/../../../aarch64-linux-gnu/crtn.o]
  collapse obj [/usr/lib/gcc/aarch64-linux-gnu/7/../../../aarch64-linux-gnu/Scrt1.o] ==> [/usr/lib/aarch64-linux-gnu/Scrt1.o]
  collapse obj [/usr/lib/gcc/aarch64-linux-gnu/7/../../../aarch64-linux-gnu/crti.o] ==> [/usr/lib/aarch64-linux-gnu/crti.o]
  collapse obj [/usr/lib/gcc/aarch64-linux-gnu/7/../../../aarch64-linux-gnu/crtn.o] ==> [/usr/lib/aarch64-linux-gnu/crtn.o]
  collapse library dir [/usr/lib/gcc/aarch64-linux-gnu/7] ==> [/usr/lib/gcc/aarch64-linux-gnu/7]
  collapse library dir [/usr/lib/gcc/aarch64-linux-gnu/7/../../../aarch64-linux-gnu] ==> [/usr/lib/aarch64-linux-gnu]
  collapse library dir [/usr/lib/gcc/aarch64-linux-gnu/7/../../../../lib] ==> [/usr/lib]
  collapse library dir [/lib/aarch64-linux-gnu] ==> [/lib/aarch64-linux-gnu]
  collapse library dir [/lib/../lib] ==> [/lib]
  collapse library dir [/usr/lib/aarch64-linux-gnu] ==> [/usr/lib/aarch64-linux-gnu]
  collapse library dir [/usr/lib/../lib] ==> [/usr/lib]
  collapse library dir [/usr/lib/gcc/aarch64-linux-gnu/7/../../..] ==> [/usr/lib]
  implicit libs: [gcc;gcc_s;c;gcc;gcc_s]
  implicit objs: [/usr/lib/aarch64-linux-gnu/Scrt1.o;/usr/lib/aarch64-linux-gnu/crti.o;/usr/lib/gcc/aarch64-linux-gnu/7/crtbeginS.o;/usr/lib/gcc/aarch64-linux-gnu/7/crtendS.o;/usr/lib/aarch64-linux-gnu/crtn.o]
  implicit dirs: [/usr/lib/gcc/aarch64-linux-gnu/7;/usr/lib/aarch64-linux-gnu;/usr/lib;/lib/aarch64-linux-gnu;/lib]
  implicit fwks: []


Determining if the include file pthread.h exists passed with the following output:
Change Dir: /home/ubuntu/github/cutlass/build/CMakeFiles/CMakeTmp

Run Build Command(s):/usr/bin/make -f Makefile cmTC_f9fde/fast && /usr/bin/make  -f CMakeFiles/cmTC_f9fde.dir/build.make CMakeFiles/cmTC_f9fde.dir/build
make[1]: Entering directory '/home/ubuntu/github/cutlass/build/CMakeFiles/CMakeTmp'
Building C object CMakeFiles/cmTC_f9fde.dir/CheckIncludeFile.c.o
/usr/bin/cc    -o CMakeFiles/cmTC_f9fde.dir/CheckIncludeFile.c.o -c /home/ubuntu/github/cutlass/build/CMakeFiles/CMakeTmp/CheckIncludeFile.c
Linking C executable cmTC_f9fde
/usr/local/bin/cmake -E cmake_link_script CMakeFiles/cmTC_f9fde.dir/link.txt --verbose=1
/usr/bin/cc -rdynamic CMakeFiles/cmTC_f9fde.dir/CheckIncludeFile.c.o -o cmTC_f9fde 
make[1]: Leaving directory '/home/ubuntu/github/cutlass/build/CMakeFiles/CMakeTmp'



